This is pdfTeX, Version 3.141592653-2.6-1.40.25 (TeX Live 2023) (preloaded format=pdflatex 2023.9.9)  9 SEP 2023 11:51
entering extended mode
 restricted \write18 enabled.
 %&-line parsing enabled.
**02-intro.tex
(./02-intro.tex
LaTeX2e <2023-06-01> patch level 1
L3 programming layer <2023-08-29>
! Undefined control sequence.
l.1 \chapter
            *{–í–≤–µ–¥–µ–Ω–∏–µ}
The control sequence at the end of the top line
of your error message was never \def'ed. If you have
misspelled it (e.g., `\hobx'), type `I' and the correct
spelling (e.g., `I\hbox'). Otherwise just continue,
and I'll forget about whatever was undefined.


! LaTeX Error: Missing \begin{document}.

See the LaTeX manual or LaTeX Companion for explanation.
Type  H <return>  for immediate help.
 ...                                              
                                                  
l.1 \chapter*
             {–í–≤–µ–¥–µ–Ω–∏–µ}
You're in trouble here.  Try typing  <return>  to proceed.
If that doesn't work, type  X <return>  to quit.

Missing character: There is no * in font nullfont!

! LaTeX Error: Unicode character –í (U+0412)
               not set up for use with LaTeX.

See the LaTeX manual or LaTeX Companion for explanation.
Type  H <return>  for immediate help.
 ...                                              
                                                  
l.1 \chapter*{–í
                –≤–µ–¥–µ–Ω–∏–µ}
You may provide a definition with
\DeclareUnicodeCharacter 


! LaTeX Error: Unicode character –≤ (U+0432)
               not set up for use with LaTeX.

See the LaTeX manual or LaTeX Companion for explanation.
Type  H <return>  for immediate help.
 ...                                              
                                                  
l.1 \chapter*{–í–≤
                  –µ–¥–µ–Ω–∏–µ}
You may provide a definition with
\DeclareUnicodeCharacter 


! LaTeX Error: Unicode character –µ (U+0435)
               not set up for use with LaTeX.

See the LaTeX manual or LaTeX Companion for explanation.
Type  H <return>  for immediate help.
 ...                                              
                                                  
l.1 \chapter*{–í–≤–µ
                    –¥–µ–Ω–∏–µ}
You may provide a definition with
\DeclareUnicodeCharacter 


! LaTeX Error: Unicode character –¥ (U+0434)
               not set up for use with LaTeX.

See the LaTeX manual or LaTeX Companion for explanation.
Type  H <return>  for immediate help.
 ...                                              
                                                  
l.1 \chapter*{–í–≤–µ–¥
                      –µ–Ω–∏–µ}
You may provide a definition with
\DeclareUnicodeCharacter 


! LaTeX Error: Unicode character –µ (U+0435)
               not set up for use with LaTeX.

See the LaTeX manual or LaTeX Companion for explanation.
Type  H <return>  for immediate help.
 ...                                              
                                                  
l.1 \chapter*{–í–≤–µ–¥–µ
                        –Ω–∏–µ}
You may provide a definition with
\DeclareUnicodeCharacter 


! LaTeX Error: Unicode character –Ω (U+043D)
               not set up for use with LaTeX.

See the LaTeX manual or LaTeX Companion for explanation.
Type  H <return>  for immediate help.
 ...                                              
                                                  
l.1 \chapter*{–í–≤–µ–¥–µ–Ω
                          –∏–µ}
You may provide a definition with
\DeclareUnicodeCharacter 


! LaTeX Error: Unicode character –∏ (U+0438)
               not set up for use with LaTeX.

See the LaTeX manual or LaTeX Companion for explanation.
Type  H <return>  for immediate help.
 ...                                              
                                                  
l.1 \chapter*{–í–≤–µ–¥–µ–Ω–∏
                            –µ}
You may provide a definition with
\DeclareUnicodeCharacter 


! LaTeX Error: Unicode character –µ (U+0435)
               not set up for use with LaTeX.

See the LaTeX manual or LaTeX Companion for explanation.
Type  H <return>  for immediate help.
 ...                                              
                                                  
l.1 \chapter*{–í–≤–µ–¥–µ–Ω–∏–µ
                              }
You may provide a definition with
\DeclareUnicodeCharacter 


Overfull \hbox (20.0pt too wide) in paragraph at lines 1--3
[]
 []


! LaTeX Error: Unicode character –ü (U+041F)
               not set up for use with LaTeX.

See the LaTeX manual or LaTeX Companion for explanation.
Type  H <return>  for immediate help.
 ...                                              
                                                  
l.4 –ü
      —Ä–æ–≥—Ä–∞–º–º–Ω–æ–µ –º–æ–¥–µ–ª–∏—Ä–æ–≤–∞–Ω–∏–µ –∑–∞–≥–æ—Ä–æ–¥–Ω–æ–π –...

You may provide a definition with
\DeclareUnicodeCharacter 


! LaTeX Error: Unicode character —Ä (U+0440)
               not set up for use with LaTeX.

See the LaTeX manual or LaTeX Companion for explanation.
Type  H <return>  for immediate help.
 ...                                              
                                                  
l.4 –ü—Ä
        –æ–≥—Ä–∞–º–º–Ω–æ–µ –º–æ–¥–µ–ª–∏—Ä–æ–≤–∞–Ω–∏–µ –∑–∞–≥–æ—Ä–æ–¥–Ω–æ–π –...

You may provide a definition with
\DeclareUnicodeCharacter 


! LaTeX Error: Unicode character –æ (U+043E)
               not set up for use with LaTeX.

See the LaTeX manual or LaTeX Companion for explanation.
Type  H <return>  for immediate help.
 ...                                              
                                                  
l.4 –ü—Ä–æ
          –≥—Ä–∞–º–º–Ω–æ–µ –º–æ–¥–µ–ª–∏—Ä–æ–≤–∞–Ω–∏–µ –∑–∞–≥–æ—Ä–æ–¥–Ω–æ–π –...

You may provide a definition with
\DeclareUnicodeCharacter 


! LaTeX Error: Unicode character –≥ (U+0433)
               not set up for use with LaTeX.

See the LaTeX manual or LaTeX Companion for explanation.
Type  H <return>  for immediate help.
 ...                                              
                                                  
l.4 –ü—Ä–æ–≥
            —Ä–∞–º–º–Ω–æ–µ –º–æ–¥–µ–ª–∏—Ä–æ–≤–∞–Ω–∏–µ –∑–∞–≥–æ—Ä–æ–¥–Ω–æ–π –...

You may provide a definition with
\DeclareUnicodeCharacter 


! LaTeX Error: Unicode character —Ä (U+0440)
               not set up for use with LaTeX.

See the LaTeX manual or LaTeX Companion for explanation.
Type  H <return>  for immediate help.
 ...                                              
                                                  
l.4 –ü—Ä–æ–≥—Ä
              –∞–º–º–Ω–æ–µ –º–æ–¥–µ–ª–∏—Ä–æ–≤–∞–Ω–∏–µ –∑–∞–≥–æ—Ä–æ–¥–Ω–æ–π –...

You may provide a definition with
\DeclareUnicodeCharacter 


! LaTeX Error: Unicode character –∞ (U+0430)
               not set up for use with LaTeX.

See the LaTeX manual or LaTeX Companion for explanation.
Type  H <return>  for immediate help.
 ...                                              
                                                  
l.4 –ü—Ä–æ–≥—Ä–∞
                –º–º–Ω–æ–µ –º–æ–¥–µ–ª–∏—Ä–æ–≤–∞–Ω–∏–µ –∑–∞–≥–æ—Ä–æ–¥–Ω–æ–π –...

You may provide a definition with
\DeclareUnicodeCharacter 


! LaTeX Error: Unicode character –º (U+043C)
               not set up for use with LaTeX.

See the LaTeX manual or LaTeX Companion for explanation.
Type  H <return>  for immediate help.
 ...                                              
                                                  
l.4 –ü—Ä–æ–≥—Ä–∞–º
                  –º–Ω–æ–µ –º–æ–¥–µ–ª–∏—Ä–æ–≤–∞–Ω–∏–µ –∑–∞–≥–æ—Ä–æ–¥–Ω–æ–π –...

You may provide a definition with
\DeclareUnicodeCharacter 


! LaTeX Error: Unicode character –º (U+043C)
               not set up for use with LaTeX.

See the LaTeX manual or LaTeX Companion for explanation.
Type  H <return>  for immediate help.
 ...                                              
                                                  
l.4 –ü—Ä–æ–≥—Ä–∞–º–º
                    –Ω–æ–µ –º–æ–¥–µ–ª–∏—Ä–æ–≤–∞–Ω–∏–µ –∑–∞–≥–æ—Ä–æ–¥–Ω–æ–π –...

You may provide a definition with
\DeclareUnicodeCharacter 


! LaTeX Error: Unicode character –Ω (U+043D)
               not set up for use with LaTeX.

See the LaTeX manual or LaTeX Companion for explanation.
Type  H <return>  for immediate help.
 ...                                              
                                                  
l.4 –ü—Ä–æ–≥—Ä–∞–º–º–Ω
                      –æ–µ –º–æ–¥–µ–ª–∏—Ä–æ–≤–∞–Ω–∏–µ –∑–∞–≥–æ—Ä–æ–¥–Ω–æ–π –...

You may provide a definition with
\DeclareUnicodeCharacter 


! LaTeX Error: Unicode character –æ (U+043E)
               not set up for use with LaTeX.

See the LaTeX manual or LaTeX Companion for explanation.
Type  H <return>  for immediate help.
 ...                                              
                                                  
l.4 –ü—Ä–æ–≥—Ä–∞–º–º–Ω–æ
                        –µ –º–æ–¥–µ–ª–∏—Ä–æ–≤–∞–Ω–∏–µ –∑–∞–≥–æ—Ä–æ–¥–Ω–æ–π –...

You may provide a definition with
\DeclareUnicodeCharacter 


! LaTeX Error: Unicode character –µ (U+0435)
               not set up for use with LaTeX.

See the LaTeX manual or LaTeX Companion for explanation.
Type  H <return>  for immediate help.
 ...                                              
                                                  
l.4 –ü—Ä–æ–≥—Ä–∞–º–º–Ω–æ–µ
                           –º–æ–¥–µ–ª–∏—Ä–æ–≤–∞–Ω–∏–µ –∑–∞–≥–æ—Ä–æ–¥–Ω–æ–π –...

You may provide a definition with
\DeclareUnicodeCharacter 


! LaTeX Error: Unicode character –º (U+043C)
               not set up for use with LaTeX.

See the LaTeX manual or LaTeX Companion for explanation.
Type  H <return>  for immediate help.
 ...                                              
                                                  
l.4 –ü—Ä–æ–≥—Ä–∞–º–º–Ω–æ–µ –º
                             –æ–¥–µ–ª–∏—Ä–æ–≤–∞–Ω–∏–µ –∑–∞–≥–æ—Ä–æ–¥–Ω–æ–π –...

You may provide a definition with
\DeclareUnicodeCharacter 


! LaTeX Error: Unicode character –æ (U+043E)
               not set up for use with LaTeX.

See the LaTeX manual or LaTeX Companion for explanation.
Type  H <return>  for immediate help.
 ...                                              
                                                  
l.4 –ü—Ä–æ–≥—Ä–∞–º–º–Ω–æ–µ –º–æ
                               –¥–µ–ª–∏—Ä–æ–≤–∞–Ω–∏–µ –∑–∞–≥–æ—Ä–æ–¥–Ω–æ–π –...

You may provide a definition with
\DeclareUnicodeCharacter 


! LaTeX Error: Unicode character –¥ (U+0434)
               not set up for use with LaTeX.

See the LaTeX manual or LaTeX Companion for explanation.
Type  H <return>  for immediate help.
 ...                                              
                                                  
l.4 –ü—Ä–æ–≥—Ä–∞–º–º–Ω–æ–µ –º–æ–¥
                                 –µ–ª–∏—Ä–æ–≤–∞–Ω–∏–µ –∑–∞–≥–æ—Ä–æ–¥–Ω–æ–π –...

You may provide a definition with
\DeclareUnicodeCharacter 


! LaTeX Error: Unicode character –µ (U+0435)
               not set up for use with LaTeX.

See the LaTeX manual or LaTeX Companion for explanation.
Type  H <return>  for immediate help.
 ...                                              
                                                  
l.4 –ü—Ä–æ–≥—Ä–∞–º–º–Ω–æ–µ –º–æ–¥–µ
                                   –ª–∏—Ä–æ–≤–∞–Ω–∏–µ –∑–∞–≥–æ—Ä–æ–¥–Ω–æ–π –...

You may provide a definition with
\DeclareUnicodeCharacter 


! LaTeX Error: Unicode character –ª (U+043B)
               not set up for use with LaTeX.

See the LaTeX manual or LaTeX Companion for explanation.
Type  H <return>  for immediate help.
 ...                                              
                                                  
l.4 –ü—Ä–æ–≥—Ä–∞–º–º–Ω–æ–µ –º–æ–¥–µ–ª
                                     –∏—Ä–æ–≤–∞–Ω–∏–µ –∑–∞–≥–æ—Ä–æ–¥–Ω–æ–π –...

You may provide a definition with
\DeclareUnicodeCharacter 


! LaTeX Error: Unicode character –∏ (U+0438)
               not set up for use with LaTeX.

See the LaTeX manual or LaTeX Companion for explanation.
Type  H <return>  for immediate help.
 ...                                              
                                                  
l.4 –ü—Ä–æ–≥—Ä–∞–º–º–Ω–æ–µ –º–æ–¥–µ–ª–∏
                                       —Ä–æ–≤–∞–Ω–∏–µ –∑–∞–≥–æ—Ä–æ–¥–Ω–æ–π –...

You may provide a definition with
\DeclareUnicodeCharacter 


! LaTeX Error: Unicode character —Ä (U+0440)
               not set up for use with LaTeX.

See the LaTeX manual or LaTeX Companion for explanation.
Type  H <return>  for immediate help.
 ...                                              
                                                  
l.4 –ü—Ä–æ–≥—Ä–∞–º–º–Ω–æ–µ –º–æ–¥–µ–ª–∏—Ä
                                         –æ–≤–∞–Ω–∏–µ –∑–∞–≥–æ—Ä–æ–¥–Ω–æ–π –...

You may provide a definition with
\DeclareUnicodeCharacter 


! LaTeX Error: Unicode character –æ (U+043E)
               not set up for use with LaTeX.

See the LaTeX manual or LaTeX Companion for explanation.
Type  H <return>  for immediate help.
 ...                                              
                                                  
l.4 –ü—Ä–æ–≥—Ä–∞–º–º–Ω–æ–µ –º–æ–¥–µ–ª–∏—Ä–æ
                                           –≤–∞–Ω–∏–µ –∑–∞–≥–æ—Ä–æ–¥–Ω–æ–π –...

You may provide a definition with
\DeclareUnicodeCharacter 


! LaTeX Error: Unicode character –≤ (U+0432)
               not set up for use with LaTeX.

See the LaTeX manual or LaTeX Companion for explanation.
Type  H <return>  for immediate help.
 ...                                              
                                                  
l.4 –ü—Ä–æ–≥—Ä–∞–º–º–Ω–æ–µ –º–æ–¥–µ–ª–∏—Ä–æ–≤
                                             –∞–Ω–∏–µ –∑–∞–≥–æ—Ä–æ–¥–Ω–æ–π –...

You may provide a definition with
\DeclareUnicodeCharacter 


! LaTeX Error: Unicode character –∞ (U+0430)
               not set up for use with LaTeX.

See the LaTeX manual or LaTeX Companion for explanation.
Type  H <return>  for immediate help.
 ...                                              
                                                  
l.4 –ü—Ä–æ–≥—Ä–∞–º–º–Ω–æ–µ –º–æ–¥–µ–ª–∏—Ä–æ–≤–∞
                                               –Ω–∏–µ –∑–∞–≥–æ—Ä–æ–¥–Ω–æ–π –...

You may provide a definition with
\DeclareUnicodeCharacter 


! LaTeX Error: Unicode character –Ω (U+043D)
               not set up for use with LaTeX.

See the LaTeX manual or LaTeX Companion for explanation.
Type  H <return>  for immediate help.
 ...                                              
                                                  
l.4 –ü—Ä–æ–≥—Ä–∞–º–º–Ω–æ–µ –º–æ–¥–µ–ª–∏—Ä–æ–≤–∞–Ω
                                                 –∏–µ –∑–∞–≥–æ—Ä–æ–¥–Ω–æ–π –...

You may provide a definition with
\DeclareUnicodeCharacter 


! LaTeX Error: Unicode character –∏ (U+0438)
               not set up for use with LaTeX.

See the LaTeX manual or LaTeX Companion for explanation.
Type  H <return>  for immediate help.
 ...                                              
                                                  
l.4 ...–æ–≥—Ä–∞–º–º–Ω–æ–µ –º–æ–¥–µ–ª–∏—Ä–æ–≤–∞–Ω–∏
                                                  –µ –∑–∞–≥–æ—Ä–æ–¥–Ω–æ–π –º...

You may provide a definition with
\DeclareUnicodeCharacter 


! LaTeX Error: Unicode character –µ (U+0435)
               not set up for use with LaTeX.

See the LaTeX manual or LaTeX Companion for explanation.
Type  H <return>  for immediate help.
 ...                                              
                                                  
l.4 ...–≥—Ä–∞–º–º–Ω–æ–µ –º–æ–¥–µ–ª–∏—Ä–æ–≤–∞–Ω–∏–µ
                                                   –∑–∞–≥–æ—Ä–æ–¥–Ω–æ–π –º–µ...

You may provide a definition with
\DeclareUnicodeCharacter 


! LaTeX Error: Unicode character –∑ (U+0437)
               not set up for use with LaTeX.

See the LaTeX manual or LaTeX Companion for explanation.
Type  H <return>  for immediate help.
 ...                                              
                                                  
l.4 ...Ä–∞–º–º–Ω–æ–µ –º–æ–¥–µ–ª–∏—Ä–æ–≤–∞–Ω–∏–µ –∑
                                                  –∞–≥–æ—Ä–æ–¥–Ω–æ–π –º–µ—Å—...

You may provide a definition with
\DeclareUnicodeCharacter 


! LaTeX Error: Unicode character –∞ (U+0430)
               not set up for use with LaTeX.

See the LaTeX manual or LaTeX Companion for explanation.
Type  H <return>  for immediate help.
 ...                                              
                                                  
l.4 ...∞–º–º–Ω–æ–µ –º–æ–¥–µ–ª–∏—Ä–æ–≤–∞–Ω–∏–µ –∑–∞
                                                  –≥–æ—Ä–æ–¥–Ω–æ–π –º–µ—Å—Ç–...

You may provide a definition with
\DeclareUnicodeCharacter 


! LaTeX Error: Unicode character –≥ (U+0433)
               not set up for use with LaTeX.

See the LaTeX manual or LaTeX Companion for explanation.
Type  H <return>  for immediate help.
 ...                                              
                                                  
l.4 ...º–º–Ω–æ–µ –º–æ–¥–µ–ª–∏—Ä–æ–≤–∞–Ω–∏–µ –∑–∞–≥
                                                  –æ—Ä–æ–¥–Ω–æ–π –º–µ—Å—Ç–Ω–...

You may provide a definition with
\DeclareUnicodeCharacter 


! LaTeX Error: Unicode character –æ (U+043E)
               not set up for use with LaTeX.

See the LaTeX manual or LaTeX Companion for explanation.
Type  H <return>  for immediate help.
 ...                                              
                                                  
l.4 ...º–Ω–æ–µ –º–æ–¥–µ–ª–∏—Ä–æ–≤–∞–Ω–∏–µ –∑–∞–≥–æ
                                                  —Ä–æ–¥–Ω–æ–π –º–µ—Å—Ç–Ω–æ—...

You may provide a definition with
\DeclareUnicodeCharacter 


! LaTeX Error: Unicode character —Ä (U+0440)
               not set up for use with LaTeX.

See the LaTeX manual or LaTeX Companion for explanation.
Type  H <return>  for immediate help.
 ...                                              
                                                  
l.4 ...Ω–æ–µ –º–æ–¥–µ–ª–∏—Ä–æ–≤–∞–Ω–∏–µ –∑–∞–≥–æ—Ä
                                                  –æ–¥–Ω–æ–π –º–µ—Å—Ç–Ω–æ—Å—...

You may provide a definition with
\DeclareUnicodeCharacter 


! LaTeX Error: Unicode character –æ (U+043E)
               not set up for use with LaTeX.

See the LaTeX manual or LaTeX Companion for explanation.
Type  H <return>  for immediate help.
 ...                                              
                                                  
l.4 ...æ–µ –º–æ–¥–µ–ª–∏—Ä–æ–≤–∞–Ω–∏–µ –∑–∞–≥–æ—Ä–æ
                                                  –¥–Ω–æ–π –º–µ—Å—Ç–Ω–æ—Å—Ç–...

You may provide a definition with
\DeclareUnicodeCharacter 


! LaTeX Error: Unicode character –¥ (U+0434)
               not set up for use with LaTeX.

See the LaTeX manual or LaTeX Companion for explanation.
Type  H <return>  for immediate help.
 ...                                              
                                                  
l.4 ...µ –º–æ–¥–µ–ª–∏—Ä–æ–≤–∞–Ω–∏–µ –∑–∞–≥–æ—Ä–æ–¥
                                                  –Ω–æ–π –º–µ—Å—Ç–Ω–æ—Å—Ç–∏ ...

You may provide a definition with
\DeclareUnicodeCharacter 


! LaTeX Error: Unicode character –Ω (U+043D)
               not set up for use with LaTeX.

See the LaTeX manual or LaTeX Companion for explanation.
Type  H <return>  for immediate help.
 ...                                              
                                                  
l.4 ...–º–æ–¥–µ–ª–∏—Ä–æ–≤–∞–Ω–∏–µ –∑–∞–≥–æ—Ä–æ–¥–Ω
                                                  –æ–π –º–µ—Å—Ç–Ω–æ—Å—Ç–∏ —Å...

You may provide a definition with
\DeclareUnicodeCharacter 


! LaTeX Error: Unicode character –æ (U+043E)
               not set up for use with LaTeX.

See the LaTeX manual or LaTeX Companion for explanation.
Type  H <return>  for immediate help.
 ...                                              
                                                  
l.4 ...–æ–¥–µ–ª–∏—Ä–æ–≤–∞–Ω–∏–µ –∑–∞–≥–æ—Ä–æ–¥–Ω–æ
                                                  –π –º–µ—Å—Ç–Ω–æ—Å—Ç–∏ —Å –...

You may provide a definition with
\DeclareUnicodeCharacter 


! LaTeX Error: Unicode character –π (U+0439)
               not set up for use with LaTeX.

See the LaTeX manual or LaTeX Companion for explanation.
Type  H <return>  for immediate help.
 ...                                              
                                                  
l.4 ...–¥–µ–ª–∏—Ä–æ–≤–∞–Ω–∏–µ –∑–∞–≥–æ—Ä–æ–¥–Ω–æ–π
                                                   –º–µ—Å—Ç–Ω–æ—Å—Ç–∏ —Å –∫–...

You may provide a definition with
\DeclareUnicodeCharacter 


! LaTeX Error: Unicode character –º (U+043C)
               not set up for use with LaTeX.

See the LaTeX manual or LaTeX Companion for explanation.
Type  H <return>  for immediate help.
 ...                                              
                                                  
l.4 ...µ–ª–∏—Ä–æ–≤–∞–Ω–∏–µ –∑–∞–≥–æ—Ä–æ–¥–Ω–æ–π –º
                                                  –µ—Å—Ç–Ω–æ—Å—Ç–∏ —Å –∫–∞–∂...

You may provide a definition with
\DeclareUnicodeCharacter 


! LaTeX Error: Unicode character –µ (U+0435)
               not set up for use with LaTeX.

See the LaTeX manual or LaTeX Companion for explanation.
Type  H <return>  for immediate help.
 ...                                              
                                                  
l.4 ...ª–∏—Ä–æ–≤–∞–Ω–∏–µ –∑–∞–≥–æ—Ä–æ–¥–Ω–æ–π –º–µ
                                                  —Å—Ç–Ω–æ—Å—Ç–∏ —Å –∫–∞–∂–¥...

You may provide a definition with
\DeclareUnicodeCharacter 


! LaTeX Error: Unicode character —Å (U+0441)
               not set up for use with LaTeX.

See the LaTeX manual or LaTeX Companion for explanation.
Type  H <return>  for immediate help.
 ...                                              
                                                  
l.4 ...∏—Ä–æ–≤–∞–Ω–∏–µ –∑–∞–≥–æ—Ä–æ–¥–Ω–æ–π –º–µ—Å
                                                  —Ç–Ω–æ—Å—Ç–∏ —Å –∫–∞–∂–¥—ã...

You may provide a definition with
\DeclareUnicodeCharacter 


! LaTeX Error: Unicode character —Ç (U+0442)
               not set up for use with LaTeX.

See the LaTeX manual or LaTeX Companion for explanation.
Type  H <return>  for immediate help.
 ...                                              
                                                  
l.4 ...Ä–æ–≤–∞–Ω–∏–µ –∑–∞–≥–æ—Ä–æ–¥–Ω–æ–π –º–µ—Å—Ç
                                                  –Ω–æ—Å—Ç–∏ —Å –∫–∞–∂–¥—ã–º...

You may provide a definition with
\DeclareUnicodeCharacter 


! LaTeX Error: Unicode character –Ω (U+043D)
               not set up for use with LaTeX.

See the LaTeX manual or LaTeX Companion for explanation.
Type  H <return>  for immediate help.
 ...                                              
                                                  
l.4 ...æ–≤–∞–Ω–∏–µ –∑–∞–≥–æ—Ä–æ–¥–Ω–æ–π –º–µ—Å—Ç–Ω
                                                  –æ—Å—Ç–∏ —Å –∫–∞–∂–¥—ã–º –...

You may provide a definition with
\DeclareUnicodeCharacter 


! LaTeX Error: Unicode character –æ (U+043E)
               not set up for use with LaTeX.

See the LaTeX manual or LaTeX Companion for explanation.
Type  H <return>  for immediate help.
 ...                                              
                                                  
l.4 ...≤–∞–Ω–∏–µ –∑–∞–≥–æ—Ä–æ–¥–Ω–æ–π –º–µ—Å—Ç–Ω–æ
                                                  —Å—Ç–∏ —Å –∫–∞–∂–¥—ã–º –≥–...

You may provide a definition with
\DeclareUnicodeCharacter 


! LaTeX Error: Unicode character —Å (U+0441)
               not set up for use with LaTeX.

See the LaTeX manual or LaTeX Companion for explanation.
Type  H <return>  for immediate help.
 ...                                              
                                                  
l.4 ...∞–Ω–∏–µ –∑–∞–≥–æ—Ä–æ–¥–Ω–æ–π –º–µ—Å—Ç–Ω–æ—Å
                                                  —Ç–∏ —Å –∫–∞–∂–¥—ã–º –≥–æ–...

You may provide a definition with
\DeclareUnicodeCharacter 


! LaTeX Error: Unicode character —Ç (U+0442)
               not set up for use with LaTeX.

See the LaTeX manual or LaTeX Companion for explanation.
Type  H <return>  for immediate help.
 ...                                              
                                                  
l.4 ...Ω–∏–µ –∑–∞–≥–æ—Ä–æ–¥–Ω–æ–π –º–µ—Å—Ç–Ω–æ—Å—Ç
                                                  –∏ —Å –∫–∞–∂–¥—ã–º –≥–æ–¥–...

You may provide a definition with
\DeclareUnicodeCharacter 


! LaTeX Error: Unicode character –∏ (U+0438)
               not set up for use with LaTeX.

See the LaTeX manual or LaTeX Companion for explanation.
Type  H <return>  for immediate help.
 ...                                              
                                                  
l.4 ...∏–µ –∑–∞–≥–æ—Ä–æ–¥–Ω–æ–π –º–µ—Å—Ç–Ω–æ—Å—Ç–∏
                                                   —Å –∫–∞–∂–¥—ã–º –≥–æ–¥–æ–...

You may provide a definition with
\DeclareUnicodeCharacter 


! LaTeX Error: Unicode character —Å (U+0441)
               not set up for use with LaTeX.

See the LaTeX manual or LaTeX Companion for explanation.
Type  H <return>  for immediate help.
 ...                                              
                                                  
l.4 ... –∑–∞–≥–æ—Ä–æ–¥–Ω–æ–π –º–µ—Å—Ç–Ω–æ—Å—Ç–∏ —Å
                                                   –∫–∞–∂–¥—ã–º –≥–æ–¥–æ–º –...

You may provide a definition with
\DeclareUnicodeCharacter 


! LaTeX Error: Unicode character –∫ (U+043A)
               not set up for use with LaTeX.

See the LaTeX manual or LaTeX Companion for explanation.
Type  H <return>  for immediate help.
 ...                                              
                                                  
l.4 ...–∞–≥–æ—Ä–æ–¥–Ω–æ–π –º–µ—Å—Ç–Ω–æ—Å—Ç–∏ —Å –∫
                                                  –∞–∂–¥—ã–º –≥–æ–¥–æ–º –Ω–∞...

You may provide a definition with
\DeclareUnicodeCharacter 


! LaTeX Error: Unicode character –∞ (U+0430)
               not set up for use with LaTeX.

See the LaTeX manual or LaTeX Companion for explanation.
Type  H <return>  for immediate help.
 ...                                              
                                                  
l.4 ...–≥–æ—Ä–æ–¥–Ω–æ–π –º–µ—Å—Ç–Ω–æ—Å—Ç–∏ —Å –∫–∞
                                                  –∂–¥—ã–º –≥–æ–¥–æ–º –Ω–∞–±...

You may provide a definition with
\DeclareUnicodeCharacter 


! LaTeX Error: Unicode character –∂ (U+0436)
               not set up for use with LaTeX.

See the LaTeX manual or LaTeX Companion for explanation.
Type  H <return>  for immediate help.
 ...                                              
                                                  
l.4 ...–æ—Ä–æ–¥–Ω–æ–π –º–µ—Å—Ç–Ω–æ—Å—Ç–∏ —Å –∫–∞–∂
                                                  –¥—ã–º –≥–æ–¥–æ–º –Ω–∞–±–∏...

You may provide a definition with
\DeclareUnicodeCharacter 


! LaTeX Error: Unicode character –¥ (U+0434)
               not set up for use with LaTeX.

See the LaTeX manual or LaTeX Companion for explanation.
Type  H <return>  for immediate help.
 ...                                              
                                                  
l.4 ...—Ä–æ–¥–Ω–æ–π –º–µ—Å—Ç–Ω–æ—Å—Ç–∏ —Å –∫–∞–∂–¥
                                                  —ã–º –≥–æ–¥–æ–º –Ω–∞–±–∏—Ä...

You may provide a definition with
\DeclareUnicodeCharacter 


! LaTeX Error: Unicode character —ã (U+044B)
               not set up for use with LaTeX.

See the LaTeX manual or LaTeX Companion for explanation.
Type  H <return>  for immediate help.
 ...                                              
                                                  
l.4 ...–æ–¥–Ω–æ–π –º–µ—Å—Ç–Ω–æ—Å—Ç–∏ —Å –∫–∞–∂–¥—ã
                                                  –º –≥–æ–¥–æ–º –Ω–∞–±–∏—Ä–∞...

You may provide a definition with
\DeclareUnicodeCharacter 


! LaTeX Error: Unicode character –º (U+043C)
               not set up for use with LaTeX.

See the LaTeX manual or LaTeX Companion for explanation.
Type  H <return>  for immediate help.
 ...                                              
                                                  
l.4 ...–¥–Ω–æ–π –º–µ—Å—Ç–Ω–æ—Å—Ç–∏ —Å –∫–∞–∂–¥—ã–º
                                                   –≥–æ–¥–æ–º –Ω–∞–±–∏—Ä–∞–µ...

You may provide a definition with
\DeclareUnicodeCharacter 


! LaTeX Error: Unicode character –≥ (U+0433)
               not set up for use with LaTeX.

See the LaTeX manual or LaTeX Companion for explanation.
Type  H <return>  for immediate help.
 ...                                              
                                                  
l.4 ...Ω–æ–π –º–µ—Å—Ç–Ω–æ—Å—Ç–∏ —Å –∫–∞–∂–¥—ã–º –≥
                                                  –æ–¥–æ–º –Ω–∞–±–∏—Ä–∞–µ—Ç ...

You may provide a definition with
\DeclareUnicodeCharacter 


! LaTeX Error: Unicode character –æ (U+043E)
               not set up for use with LaTeX.

See the LaTeX manual or LaTeX Companion for explanation.
Type  H <return>  for immediate help.
 ...                                              
                                                  
l.4 ...æ–π –º–µ—Å—Ç–Ω–æ—Å—Ç–∏ —Å –∫–∞–∂–¥—ã–º –≥–æ
                                                  –¥–æ–º –Ω–∞–±–∏—Ä–∞–µ—Ç –≤...

You may provide a definition with
\DeclareUnicodeCharacter 


! LaTeX Error: Unicode character –¥ (U+0434)
               not set up for use with LaTeX.

See the LaTeX manual or LaTeX Companion for explanation.
Type  H <return>  for immediate help.
 ...                                              
                                                  
l.4 ...π –º–µ—Å—Ç–Ω–æ—Å—Ç–∏ —Å –∫–∞–∂–¥—ã–º –≥–æ–¥
                                                  –æ–º –Ω–∞–±–∏—Ä–∞–µ—Ç –≤—Å...

You may provide a definition with
\DeclareUnicodeCharacter 


! LaTeX Error: Unicode character –æ (U+043E)
               not set up for use with LaTeX.

See the LaTeX manual or LaTeX Companion for explanation.
Type  H <return>  for immediate help.
 ...                                              
                                                  
l.4 ...–º–µ—Å—Ç–Ω–æ—Å—Ç–∏ —Å –∫–∞–∂–¥—ã–º –≥–æ–¥–æ
                                                  –º –Ω–∞–±–∏—Ä–∞–µ—Ç –≤—Å–µ...

You may provide a definition with
\DeclareUnicodeCharacter 


! LaTeX Error: Unicode character –º (U+043C)
               not set up for use with LaTeX.

See the LaTeX manual or LaTeX Companion for explanation.
Type  H <return>  for immediate help.
 ...                                              
                                                  
l.4 ...–µ—Å—Ç–Ω–æ—Å—Ç–∏ —Å –∫–∞–∂–¥—ã–º –≥–æ–¥–æ–º
                                                   –Ω–∞–±–∏—Ä–∞–µ—Ç –≤—Å–µ –...

You may provide a definition with
\DeclareUnicodeCharacter 


! LaTeX Error: Unicode character –Ω (U+043D)
               not set up for use with LaTeX.

See the LaTeX manual or LaTeX Companion for explanation.
Type  H <return>  for immediate help.
 ...                                              
                                                  
l.4 ...Å—Ç–Ω–æ—Å—Ç–∏ —Å –∫–∞–∂–¥—ã–º –≥–æ–¥–æ–º –Ω
                                                  –∞–±–∏—Ä–∞–µ—Ç –≤—Å–µ –±–æ...

You may provide a definition with
\DeclareUnicodeCharacter 


! LaTeX Error: Unicode character –∞ (U+0430)
               not set up for use with LaTeX.

See the LaTeX manual or LaTeX Companion for explanation.
Type  H <return>  for immediate help.
 ...                                              
                                                  
l.4 ...Ç–Ω–æ—Å—Ç–∏ —Å –∫–∞–∂–¥—ã–º –≥–æ–¥–æ–º –Ω–∞
                                                  –±–∏—Ä–∞–µ—Ç –≤—Å–µ –±–æ–ª...

You may provide a definition with
\DeclareUnicodeCharacter 


! LaTeX Error: Unicode character –± (U+0431)
               not set up for use with LaTeX.

See the LaTeX manual or LaTeX Companion for explanation.
Type  H <return>  for immediate help.
 ...                                              
                                                  
l.4 ...Ω–æ—Å—Ç–∏ —Å –∫–∞–∂–¥—ã–º –≥–æ–¥–æ–º –Ω–∞–±
                                                  –∏—Ä–∞–µ—Ç –≤—Å–µ –±–æ–ª—å...

You may provide a definition with
\DeclareUnicodeCharacter 


! LaTeX Error: Unicode character –∏ (U+0438)
               not set up for use with LaTeX.

See the LaTeX manual or LaTeX Companion for explanation.
Type  H <return>  for immediate help.
 ...                                              
                                                  
l.4 ...æ—Å—Ç–∏ —Å –∫–∞–∂–¥—ã–º –≥–æ–¥–æ–º –Ω–∞–±–∏
                                                  —Ä–∞–µ—Ç –≤—Å–µ –±–æ–ª—å—à...

You may provide a definition with
\DeclareUnicodeCharacter 


! LaTeX Error: Unicode character —Ä (U+0440)
               not set up for use with LaTeX.

See the LaTeX manual or LaTeX Companion for explanation.
Type  H <return>  for immediate help.
 ...                                              
                                                  
l.4 ...Å—Ç–∏ —Å –∫–∞–∂–¥—ã–º –≥–æ–¥–æ–º –Ω–∞–±–∏—Ä
                                                  –∞–µ—Ç –≤—Å–µ –±–æ–ª—å—à–µ...

You may provide a definition with
\DeclareUnicodeCharacter 


! LaTeX Error: Unicode character –∞ (U+0430)
               not set up for use with LaTeX.

See the LaTeX manual or LaTeX Companion for explanation.
Type  H <return>  for immediate help.
 ...                                              
                                                  
l.4 ...Ç–∏ —Å –∫–∞–∂–¥—ã–º –≥–æ–¥–æ–º –Ω–∞–±–∏—Ä–∞
                                                  –µ—Ç –≤—Å–µ –±–æ–ª—å—à–µ–µ...

You may provide a definition with
\DeclareUnicodeCharacter 


! LaTeX Error: Unicode character –µ (U+0435)
               not set up for use with LaTeX.

See the LaTeX manual or LaTeX Companion for explanation.
Type  H <return>  for immediate help.
 ...                                              
                                                  
l.4 ...∏ —Å –∫–∞–∂–¥—ã–º –≥–æ–¥–æ–º –Ω–∞–±–∏—Ä–∞–µ
                                                  —Ç –≤—Å–µ –±–æ–ª—å—à–µ–µ –...

You may provide a definition with
\DeclareUnicodeCharacter 


! LaTeX Error: Unicode character —Ç (U+0442)
               not set up for use with LaTeX.

See the LaTeX manual or LaTeX Companion for explanation.
Type  H <return>  for immediate help.
 ...                                              
                                                  
l.4 ...—Å –∫–∞–∂–¥—ã–º –≥–æ–¥–æ–º –Ω–∞–±–∏—Ä–∞–µ—Ç
                                                   –≤—Å–µ –±–æ–ª—å—à–µ–µ –∑–...

You may provide a definition with
\DeclareUnicodeCharacter 


! LaTeX Error: Unicode character –≤ (U+0432)
               not set up for use with LaTeX.

See the LaTeX manual or LaTeX Companion for explanation.
Type  H <return>  for immediate help.
 ...                                              
                                                  
l.4 ...–∫–∞–∂–¥—ã–º –≥–æ–¥–æ–º –Ω–∞–±–∏—Ä–∞–µ—Ç –≤
                                                  —Å–µ –±–æ–ª—å—à–µ–µ –∑–Ω–∞...

You may provide a definition with
\DeclareUnicodeCharacter 


! LaTeX Error: Unicode character —Å (U+0441)
               not set up for use with LaTeX.

See the LaTeX manual or LaTeX Companion for explanation.
Type  H <return>  for immediate help.
 ...                                              
                                                  
l.4 ...–∞–∂–¥—ã–º –≥–æ–¥–æ–º –Ω–∞–±–∏—Ä–∞–µ—Ç –≤—Å
                                                  –µ –±–æ–ª—å—à–µ–µ –∑–Ω–∞—á...

You may provide a definition with
\DeclareUnicodeCharacter 


! LaTeX Error: Unicode character –µ (U+0435)
               not set up for use with LaTeX.

See the LaTeX manual or LaTeX Companion for explanation.
Type  H <return>  for immediate help.
 ...                                              
                                                  
l.4 ...–∂–¥—ã–º –≥–æ–¥–æ–º –Ω–∞–±–∏—Ä–∞–µ—Ç –≤—Å–µ
                                                   –±–æ–ª—å—à–µ–µ –∑–Ω–∞—á–µ...

You may provide a definition with
\DeclareUnicodeCharacter 


! LaTeX Error: Unicode character –± (U+0431)
               not set up for use with LaTeX.

See the LaTeX manual or LaTeX Companion for explanation.
Type  H <return>  for immediate help.
 ...                                              
                                                  
l.4 ...¥—ã–º –≥–æ–¥–æ–º –Ω–∞–±–∏—Ä–∞–µ—Ç –≤—Å–µ –±
                                                  –æ–ª—å—à–µ–µ –∑–Ω–∞—á–µ–Ω–...

You may provide a definition with
\DeclareUnicodeCharacter 


! LaTeX Error: Unicode character –æ (U+043E)
               not set up for use with LaTeX.

See the LaTeX manual or LaTeX Companion for explanation.
Type  H <return>  for immediate help.
 ...                                              
                                                  
l.4 ...ã–º –≥–æ–¥–æ–º –Ω–∞–±–∏—Ä–∞–µ—Ç –≤—Å–µ –±–æ
                                                  –ª—å—à–µ–µ –∑–Ω–∞—á–µ–Ω–∏–...

You may provide a definition with
\DeclareUnicodeCharacter 


! LaTeX Error: Unicode character –ª (U+043B)
               not set up for use with LaTeX.

See the LaTeX manual or LaTeX Companion for explanation.
Type  H <return>  for immediate help.
 ...                                              
                                                  
l.4 ...º –≥–æ–¥–æ–º –Ω–∞–±–∏—Ä–∞–µ—Ç –≤—Å–µ –±–æ–ª
                                                  —å—à–µ–µ –∑–Ω–∞—á–µ–Ω–∏–µ ...

You may provide a definition with
\DeclareUnicodeCharacter 


! LaTeX Error: Unicode character —å (U+044C)
               not set up for use with LaTeX.

See the LaTeX manual or LaTeX Companion for explanation.
Type  H <return>  for immediate help.
 ...                                              
                                                  
l.4 ...–≥–æ–¥–æ–º –Ω–∞–±–∏—Ä–∞–µ—Ç –≤—Å–µ –±–æ–ª—å
                                                  —à–µ–µ –∑–Ω–∞—á–µ–Ω–∏–µ –≤...

You may provide a definition with
\DeclareUnicodeCharacter 


! LaTeX Error: Unicode character —à (U+0448)
               not set up for use with LaTeX.

See the LaTeX manual or LaTeX Companion for explanation.
Type  H <return>  for immediate help.
 ...                                              
                                                  
l.4 ...–æ–¥–æ–º –Ω–∞–±–∏—Ä–∞–µ—Ç –≤—Å–µ –±–æ–ª—å—à
                                                  –µ–µ –∑–Ω–∞—á–µ–Ω–∏–µ –≤ –...

You may provide a definition with
\DeclareUnicodeCharacter 


! LaTeX Error: Unicode character –µ (U+0435)
               not set up for use with LaTeX.

See the LaTeX manual or LaTeX Companion for explanation.
Type  H <return>  for immediate help.
 ...                                              
                                                  
l.4 ...–¥–æ–º –Ω–∞–±–∏—Ä–∞–µ—Ç –≤—Å–µ –±–æ–ª—å—à–µ
                                                  –µ –∑–Ω–∞—á–µ–Ω–∏–µ –≤ –æ–...

You may provide a definition with
\DeclareUnicodeCharacter 


! LaTeX Error: Unicode character –µ (U+0435)
               not set up for use with LaTeX.

See the LaTeX manual or LaTeX Companion for explanation.
Type  H <return>  for immediate help.
 ...                                              
                                                  
l.4 ...–æ–º –Ω–∞–±–∏—Ä–∞–µ—Ç –≤—Å–µ –±–æ–ª—å—à–µ–µ
                                                   –∑–Ω–∞—á–µ–Ω–∏–µ –≤ –æ–±–...

You may provide a definition with
\DeclareUnicodeCharacter 


! LaTeX Error: Unicode character –∑ (U+0437)
               not set up for use with LaTeX.

See the LaTeX manual or LaTeX Companion for explanation.
Type  H <return>  for immediate help.
 ...                                              
                                                  
l.4 ...º –Ω–∞–±–∏—Ä–∞–µ—Ç –≤—Å–µ –±–æ–ª—å—à–µ–µ –∑
                                                  –Ω–∞—á–µ–Ω–∏–µ –≤ –æ–±–ª–∞...

You may provide a definition with
\DeclareUnicodeCharacter 


! LaTeX Error: Unicode character –Ω (U+043D)
               not set up for use with LaTeX.

See the LaTeX manual or LaTeX Companion for explanation.
Type  H <return>  for immediate help.
 ...                                              
                                                  
l.4 ...–Ω–∞–±–∏—Ä–∞–µ—Ç –≤—Å–µ –±–æ–ª—å—à–µ–µ –∑–Ω
                                                  –∞—á–µ–Ω–∏–µ –≤ –æ–±–ª–∞—Å...

You may provide a definition with
\DeclareUnicodeCharacter 


! LaTeX Error: Unicode character –∞ (U+0430)
               not set up for use with LaTeX.

See the LaTeX manual or LaTeX Companion for explanation.
Type  H <return>  for immediate help.
 ...                                              
                                                  
l.4 ...–∞–±–∏—Ä–∞–µ—Ç –≤—Å–µ –±–æ–ª—å—à–µ–µ –∑–Ω–∞
                                                  —á–µ–Ω–∏–µ –≤ –æ–±–ª–∞—Å—Ç...

You may provide a definition with
\DeclareUnicodeCharacter 


! LaTeX Error: Unicode character —á (U+0447)
               not set up for use with LaTeX.

See the LaTeX manual or LaTeX Companion for explanation.
Type  H <return>  for immediate help.
 ...                                              
                                                  
l.4 ...–±–∏—Ä–∞–µ—Ç –≤—Å–µ –±–æ–ª—å—à–µ–µ –∑–Ω–∞—á
                                                  –µ–Ω–∏–µ –≤ –æ–±–ª–∞—Å—Ç–∏...

You may provide a definition with
\DeclareUnicodeCharacter 


! LaTeX Error: Unicode character –µ (U+0435)
               not set up for use with LaTeX.

See the LaTeX manual or LaTeX Companion for explanation.
Type  H <return>  for immediate help.
 ...                                              
                                                  
l.4 ...–∏—Ä–∞–µ—Ç –≤—Å–µ –±–æ–ª—å—à–µ–µ –∑–Ω–∞—á–µ
                                                  –Ω–∏–µ –≤ –æ–±–ª–∞—Å—Ç–∏ –...

You may provide a definition with
\DeclareUnicodeCharacter 


! LaTeX Error: Unicode character –Ω (U+043D)
               not set up for use with LaTeX.

See the LaTeX manual or LaTeX Companion for explanation.
Type  H <return>  for immediate help.
 ...                                              
                                                  
l.4 ...—Ä–∞–µ—Ç –≤—Å–µ –±–æ–ª—å—à–µ–µ –∑–Ω–∞—á–µ–Ω
                                                  –∏–µ –≤ –æ–±–ª–∞—Å—Ç–∏ –ª–...

You may provide a definition with
\DeclareUnicodeCharacter 


! LaTeX Error: Unicode character –∏ (U+0438)
               not set up for use with LaTeX.

See the LaTeX manual or LaTeX Companion for explanation.
Type  H <return>  for immediate help.
 ...                                              
                                                  
l.4 ...–∞–µ—Ç –≤—Å–µ –±–æ–ª—å—à–µ–µ –∑–Ω–∞—á–µ–Ω–∏
                                                  –µ –≤ –æ–±–ª–∞—Å—Ç–∏ –ª–∞–...

You may provide a definition with
\DeclareUnicodeCharacter 


! LaTeX Error: Unicode character –µ (U+0435)
               not set up for use with LaTeX.

See the LaTeX manual or LaTeX Companion for explanation.
Type  H <return>  for immediate help.
 ...                                              
                                                  
l.4 ...–µ—Ç –≤—Å–µ –±–æ–ª—å—à–µ–µ –∑–Ω–∞—á–µ–Ω–∏–µ
                                                   –≤ –æ–±–ª–∞—Å—Ç–∏ –ª–∞–Ω–...

You may provide a definition with
\DeclareUnicodeCharacter 


! LaTeX Error: Unicode character –≤ (U+0432)
               not set up for use with LaTeX.

See the LaTeX manual or LaTeX Companion for explanation.
Type  H <return>  for immediate help.
 ...                                              
                                                  
l.4 ...Ç –≤—Å–µ –±–æ–ª—å—à–µ–µ –∑–Ω–∞—á–µ–Ω–∏–µ –≤
                                                   –æ–±–ª–∞—Å—Ç–∏ –ª–∞–Ω–¥—à...

You may provide a definition with
\DeclareUnicodeCharacter 


! LaTeX Error: Unicode character –æ (U+043E)
               not set up for use with LaTeX.

See the LaTeX manual or LaTeX Companion for explanation.
Type  H <return>  for immediate help.
 ...                                              
                                                  
l.4 ...≤—Å–µ –±–æ–ª—å—à–µ–µ –∑–Ω–∞—á–µ–Ω–∏–µ –≤ –æ
                                                  –±–ª–∞—Å—Ç–∏ –ª–∞–Ω–¥—à–∞—...

You may provide a definition with
\DeclareUnicodeCharacter 


! LaTeX Error: Unicode character –± (U+0431)
               not set up for use with LaTeX.

See the LaTeX manual or LaTeX Companion for explanation.
Type  H <return>  for immediate help.
 ...                                              
                                                  
l.4 ...Å–µ –±–æ–ª—å—à–µ–µ –∑–Ω–∞—á–µ–Ω–∏–µ –≤ –æ–±
                                                  –ª–∞—Å—Ç–∏ –ª–∞–Ω–¥—à–∞—Ñ—...

You may provide a definition with
\DeclareUnicodeCharacter 


! LaTeX Error: Unicode character –ª (U+043B)
               not set up for use with LaTeX.

See the LaTeX manual or LaTeX Companion for explanation.
Type  H <return>  for immediate help.
 ...                                              
                                                  
l.4 ...µ –±–æ–ª—å—à–µ–µ –∑–Ω–∞—á–µ–Ω–∏–µ –≤ –æ–±–ª
                                                  –∞—Å—Ç–∏ –ª–∞–Ω–¥—à–∞—Ñ—Ç–...

You may provide a definition with
\DeclareUnicodeCharacter 


! LaTeX Error: Unicode character –∞ (U+0430)
               not set up for use with LaTeX.

See the LaTeX manual or LaTeX Companion for explanation.
Type  H <return>  for immediate help.
 ...                                              
                                                  
l.4 ...–±–æ–ª—å—à–µ–µ –∑–Ω–∞—á–µ–Ω–∏–µ –≤ –æ–±–ª–∞
                                                  —Å—Ç–∏ –ª–∞–Ω–¥—à–∞—Ñ—Ç–Ω–...

You may provide a definition with
\DeclareUnicodeCharacter 


! LaTeX Error: Unicode character —Å (U+0441)
               not set up for use with LaTeX.

See the LaTeX manual or LaTeX Companion for explanation.
Type  H <return>  for immediate help.
 ...                                              
                                                  
l.4 ...–æ–ª—å—à–µ–µ –∑–Ω–∞—á–µ–Ω–∏–µ –≤ –æ–±–ª–∞—Å
                                                  —Ç–∏ –ª–∞–Ω–¥—à–∞—Ñ—Ç–Ω–æ–...

You may provide a definition with
\DeclareUnicodeCharacter 


! LaTeX Error: Unicode character —Ç (U+0442)
               not set up for use with LaTeX.

See the LaTeX manual or LaTeX Companion for explanation.
Type  H <return>  for immediate help.
 ...                                              
                                                  
l.4 ...–ª—å—à–µ–µ –∑–Ω–∞—á–µ–Ω–∏–µ –≤ –æ–±–ª–∞—Å—Ç
                                                  –∏ –ª–∞–Ω–¥—à–∞—Ñ—Ç–Ω–æ–≥–...

You may provide a definition with
\DeclareUnicodeCharacter 


! LaTeX Error: Unicode character –∏ (U+0438)
               not set up for use with LaTeX.

See the LaTeX manual or LaTeX Companion for explanation.
Type  H <return>  for immediate help.
 ...                                              
                                                  
l.4 ...—å—à–µ–µ –∑–Ω–∞—á–µ–Ω–∏–µ –≤ –æ–±–ª–∞—Å—Ç–∏
                                                   –ª–∞–Ω–¥—à–∞—Ñ—Ç–Ω–æ–≥–æ ...

You may provide a definition with
\DeclareUnicodeCharacter 


! LaTeX Error: Unicode character –ª (U+043B)
               not set up for use with LaTeX.

See the LaTeX manual or LaTeX Companion for explanation.
Type  H <return>  for immediate help.
 ...                                              
                                                  
l.4 ...à–µ–µ –∑–Ω–∞—á–µ–Ω–∏–µ –≤ –æ–±–ª–∞—Å—Ç–∏ –ª
                                                  –∞–Ω–¥—à–∞—Ñ—Ç–Ω–æ–≥–æ –¥–...

You may provide a definition with
\DeclareUnicodeCharacter 


! LaTeX Error: Unicode character –∞ (U+0430)
               not set up for use with LaTeX.

See the LaTeX manual or LaTeX Companion for explanation.
Type  H <return>  for immediate help.
 ...                                              
                                                  
l.4 ...µ–µ –∑–Ω–∞—á–µ–Ω–∏–µ –≤ –æ–±–ª–∞—Å—Ç–∏ –ª–∞
                                                  –Ω–¥—à–∞—Ñ—Ç–Ω–æ–≥–æ –¥–∏–...

You may provide a definition with
\DeclareUnicodeCharacter 


! LaTeX Error: Unicode character –Ω (U+043D)
               not set up for use with LaTeX.

See the LaTeX manual or LaTeX Companion for explanation.
Type  H <return>  for immediate help.
 ...                                              
                                                  
l.4 ...µ –∑–Ω–∞—á–µ–Ω–∏–µ –≤ –æ–±–ª–∞—Å—Ç–∏ –ª–∞–Ω
                                                  –¥—à–∞—Ñ—Ç–Ω–æ–≥–æ –¥–∏–∑–...

You may provide a definition with
\DeclareUnicodeCharacter 


! LaTeX Error: Unicode character –¥ (U+0434)
               not set up for use with LaTeX.

See the LaTeX manual or LaTeX Companion for explanation.
Type  H <return>  for immediate help.
 ...                                              
                                                  
l.4 ...–∑–Ω–∞—á–µ–Ω–∏–µ –≤ –æ–±–ª–∞—Å—Ç–∏ –ª–∞–Ω–¥
                                                  —à–∞—Ñ—Ç–Ω–æ–≥–æ –¥–∏–∑–∞–...

You may provide a definition with
\DeclareUnicodeCharacter 


! LaTeX Error: Unicode character —à (U+0448)
               not set up for use with LaTeX.

See the LaTeX manual or LaTeX Companion for explanation.
Type  H <return>  for immediate help.
 ...                                              
                                                  
l.4 ...–Ω–∞—á–µ–Ω–∏–µ –≤ –æ–±–ª–∞—Å—Ç–∏ –ª–∞–Ω–¥—à
                                                  –∞—Ñ—Ç–Ω–æ–≥–æ –¥–∏–∑–∞–π–...

You may provide a definition with
\DeclareUnicodeCharacter 


! LaTeX Error: Unicode character –∞ (U+0430)
               not set up for use with LaTeX.

See the LaTeX manual or LaTeX Companion for explanation.
Type  H <return>  for immediate help.
 ...                                              
                                                  
l.4 ...–∞—á–µ–Ω–∏–µ –≤ –æ–±–ª–∞—Å—Ç–∏ –ª–∞–Ω–¥—à–∞
                                                  —Ñ—Ç–Ω–æ–≥–æ –¥–∏–∑–∞–π–Ω–...

You may provide a definition with
\DeclareUnicodeCharacter 


! LaTeX Error: Unicode character —Ñ (U+0444)
               not set up for use with LaTeX.

See the LaTeX manual or LaTeX Companion for explanation.
Type  H <return>  for immediate help.
 ...                                              
                                                  
l.4 ...—á–µ–Ω–∏–µ –≤ –æ–±–ª–∞—Å—Ç–∏ –ª–∞–Ω–¥—à–∞—Ñ
                                                  —Ç–Ω–æ–≥–æ –¥–∏–∑–∞–π–Ω–∞,...

You may provide a definition with
\DeclareUnicodeCharacter 


! LaTeX Error: Unicode character —Ç (U+0442)
               not set up for use with LaTeX.

See the LaTeX manual or LaTeX Companion for explanation.
Type  H <return>  for immediate help.
 ...                                              
                                                  
l.4 ...–µ–Ω–∏–µ –≤ –æ–±–ª–∞—Å—Ç–∏ –ª–∞–Ω–¥—à–∞—Ñ—Ç
                                                  –Ω–æ–≥–æ –¥–∏–∑–∞–π–Ω–∞, –...

You may provide a definition with
\DeclareUnicodeCharacter 


! LaTeX Error: Unicode character –Ω (U+043D)
               not set up for use with LaTeX.

See the LaTeX manual or LaTeX Companion for explanation.
Type  H <return>  for immediate help.
 ...                                              
                                                  
l.4 ...–Ω–∏–µ –≤ –æ–±–ª–∞—Å—Ç–∏ –ª–∞–Ω–¥—à–∞—Ñ—Ç–Ω
                                                  –æ–≥–æ –¥–∏–∑–∞–π–Ω–∞, –∞—...

You may provide a definition with
\DeclareUnicodeCharacter 


! LaTeX Error: Unicode character –æ (U+043E)
               not set up for use with LaTeX.

See the LaTeX manual or LaTeX Companion for explanation.
Type  H <return>  for immediate help.
 ...                                              
                                                  
l.4 ...–∏–µ –≤ –æ–±–ª–∞—Å—Ç–∏ –ª–∞–Ω–¥—à–∞—Ñ—Ç–Ω–æ
                                                  –≥–æ –¥–∏–∑–∞–π–Ω–∞, –∞—Ä—...

You may provide a definition with
\DeclareUnicodeCharacter 


! LaTeX Error: Unicode character –≥ (U+0433)
               not set up for use with LaTeX.

See the LaTeX manual or LaTeX Companion for explanation.
Type  H <return>  for immediate help.
 ...                                              
                                                  
l.4 ...–µ –≤ –æ–±–ª–∞—Å—Ç–∏ –ª–∞–Ω–¥—à–∞—Ñ—Ç–Ω–æ–≥
                                                  –æ –¥–∏–∑–∞–π–Ω–∞, –∞—Ä—Ö–...
(That makes 100 errors; please try again.) 
Here is how much of TeX's memory you used:
 42 strings out of 474933
 695 string characters out of 5763794
 1917801 words of memory out of 5000000
 21688 multiletter control sequences out of 15000+600000
 558069 words of font info for 36 fonts, out of 8000000 for 9000
 1141 hyphenation exceptions out of 8191
 15i,0n,20p,1237b,22s stack positions out of 10000i,1000n,20000p,200000b,200000s

!  ==> Fatal error occurred, no output PDF file produced!
