This is pdfTeX, Version 3.141592653-2.6-1.40.24 (TeX Live 2022/Debian) (preloaded format=pdflatex 2023.7.16)  19 JUL 2023 19:14
entering extended mode
 restricted \write18 enabled.
 %&-line parsing enabled.
**10-analysis.tex
(./10-analysis.tex
LaTeX2e <2022-11-01> patch level 1
L3 programming layer <2023-01-16>
! Undefined control sequence.
l.1 \chapter
            {–ê–Ω–∞–ª–∏—Ç–∏—á–µ—Å–∫–∞—è —á–∞—Å—Ç—å}
The control sequence at the end of the top line
of your error message was never \def'ed. If you have
misspelled it (e.g., `\hobx'), type `I' and the correct
spelling (e.g., `I\hbox'). Otherwise just continue,
and I'll forget about whatever was undefined.


! LaTeX Error: Unicode character –ê (U+0410)
               not set up for use with LaTeX.

See the LaTeX manual or LaTeX Companion for explanation.
Type  H <return>  for immediate help.
 ...                                              
                                                  
l.1 \chapter{–ê
               –Ω–∞–ª–∏—Ç–∏—á–µ—Å–∫–∞—è —á–∞—Å—Ç—å}
You may provide a definition with
\DeclareUnicodeCharacter 


! LaTeX Error: Unicode character –Ω (U+043D)
               not set up for use with LaTeX.

See the LaTeX manual or LaTeX Companion for explanation.
Type  H <return>  for immediate help.
 ...                                              
                                                  
l.1 \chapter{–ê–Ω
                 –∞–ª–∏—Ç–∏—á–µ—Å–∫–∞—è —á–∞—Å—Ç—å}
You may provide a definition with
\DeclareUnicodeCharacter 


! LaTeX Error: Unicode character –∞ (U+0430)
               not set up for use with LaTeX.

See the LaTeX manual or LaTeX Companion for explanation.
Type  H <return>  for immediate help.
 ...                                              
                                                  
l.1 \chapter{–ê–Ω–∞
                   –ª–∏—Ç–∏—á–µ—Å–∫–∞—è —á–∞—Å—Ç—å}
You may provide a definition with
\DeclareUnicodeCharacter 


! LaTeX Error: Unicode character –ª (U+043B)
               not set up for use with LaTeX.

See the LaTeX manual or LaTeX Companion for explanation.
Type  H <return>  for immediate help.
 ...                                              
                                                  
l.1 \chapter{–ê–Ω–∞–ª
                     –∏—Ç–∏—á–µ—Å–∫–∞—è —á–∞—Å—Ç—å}
You may provide a definition with
\DeclareUnicodeCharacter 


! LaTeX Error: Unicode character –∏ (U+0438)
               not set up for use with LaTeX.

See the LaTeX manual or LaTeX Companion for explanation.
Type  H <return>  for immediate help.
 ...                                              
                                                  
l.1 \chapter{–ê–Ω–∞–ª–∏
                       —Ç–∏—á–µ—Å–∫–∞—è —á–∞—Å—Ç—å}
You may provide a definition with
\DeclareUnicodeCharacter 


! LaTeX Error: Unicode character —Ç (U+0442)
               not set up for use with LaTeX.

See the LaTeX manual or LaTeX Companion for explanation.
Type  H <return>  for immediate help.
 ...                                              
                                                  
l.1 \chapter{–ê–Ω–∞–ª–∏—Ç
                         –∏—á–µ—Å–∫–∞—è —á–∞—Å—Ç—å}
You may provide a definition with
\DeclareUnicodeCharacter 


! LaTeX Error: Unicode character –∏ (U+0438)
               not set up for use with LaTeX.

See the LaTeX manual or LaTeX Companion for explanation.
Type  H <return>  for immediate help.
 ...                                              
                                                  
l.1 \chapter{–ê–Ω–∞–ª–∏—Ç–∏
                           —á–µ—Å–∫–∞—è —á–∞—Å—Ç—å}
You may provide a definition with
\DeclareUnicodeCharacter 


! LaTeX Error: Unicode character —á (U+0447)
               not set up for use with LaTeX.

See the LaTeX manual or LaTeX Companion for explanation.
Type  H <return>  for immediate help.
 ...                                              
                                                  
l.1 \chapter{–ê–Ω–∞–ª–∏—Ç–∏—á
                             –µ—Å–∫–∞—è —á–∞—Å—Ç—å}
You may provide a definition with
\DeclareUnicodeCharacter 


! LaTeX Error: Unicode character –µ (U+0435)
               not set up for use with LaTeX.

See the LaTeX manual or LaTeX Companion for explanation.
Type  H <return>  for immediate help.
 ...                                              
                                                  
l.1 \chapter{–ê–Ω–∞–ª–∏—Ç–∏—á–µ
                               —Å–∫–∞—è —á–∞—Å—Ç—å}
You may provide a definition with
\DeclareUnicodeCharacter 


! LaTeX Error: Unicode character —Å (U+0441)
               not set up for use with LaTeX.

See the LaTeX manual or LaTeX Companion for explanation.
Type  H <return>  for immediate help.
 ...                                              
                                                  
l.1 \chapter{–ê–Ω–∞–ª–∏—Ç–∏—á–µ—Å
                                 –∫–∞—è —á–∞—Å—Ç—å}
You may provide a definition with
\DeclareUnicodeCharacter 


! LaTeX Error: Unicode character –∫ (U+043A)
               not set up for use with LaTeX.

See the LaTeX manual or LaTeX Companion for explanation.
Type  H <return>  for immediate help.
 ...                                              
                                                  
l.1 \chapter{–ê–Ω–∞–ª–∏—Ç–∏—á–µ—Å–∫
                                   –∞—è —á–∞—Å—Ç—å}
You may provide a definition with
\DeclareUnicodeCharacter 


! LaTeX Error: Unicode character –∞ (U+0430)
               not set up for use with LaTeX.

See the LaTeX manual or LaTeX Companion for explanation.
Type  H <return>  for immediate help.
 ...                                              
                                                  
l.1 \chapter{–ê–Ω–∞–ª–∏—Ç–∏—á–µ—Å–∫–∞
                                     —è —á–∞—Å—Ç—å}
You may provide a definition with
\DeclareUnicodeCharacter 


! LaTeX Error: Unicode character —è (U+044F)
               not set up for use with LaTeX.

See the LaTeX manual or LaTeX Companion for explanation.
Type  H <return>  for immediate help.
 ...                                              
                                                  
l.1 \chapter{–ê–Ω–∞–ª–∏—Ç–∏—á–µ—Å–∫–∞—è
                                        —á–∞—Å—Ç—å}
You may provide a definition with
\DeclareUnicodeCharacter 


! LaTeX Error: Unicode character —á (U+0447)
               not set up for use with LaTeX.

See the LaTeX manual or LaTeX Companion for explanation.
Type  H <return>  for immediate help.
 ...                                              
                                                  
l.1 \chapter{–ê–Ω–∞–ª–∏—Ç–∏—á–µ—Å–∫–∞—è —á
                                          –∞—Å—Ç—å}
You may provide a definition with
\DeclareUnicodeCharacter 


! LaTeX Error: Unicode character –∞ (U+0430)
               not set up for use with LaTeX.

See the LaTeX manual or LaTeX Companion for explanation.
Type  H <return>  for immediate help.
 ...                                              
                                                  
l.1 \chapter{–ê–Ω–∞–ª–∏—Ç–∏—á–µ—Å–∫–∞—è —á–∞
                                            —Å—Ç—å}
You may provide a definition with
\DeclareUnicodeCharacter 


! LaTeX Error: Unicode character —Å (U+0441)
               not set up for use with LaTeX.

See the LaTeX manual or LaTeX Companion for explanation.
Type  H <return>  for immediate help.
 ...                                              
                                                  
l.1 \chapter{–ê–Ω–∞–ª–∏—Ç–∏—á–µ—Å–∫–∞—è —á–∞—Å
                                              —Ç—å}
You may provide a definition with
\DeclareUnicodeCharacter 


! LaTeX Error: Unicode character —Ç (U+0442)
               not set up for use with LaTeX.

See the LaTeX manual or LaTeX Companion for explanation.
Type  H <return>  for immediate help.
 ...                                              
                                                  
l.1 \chapter{–ê–Ω–∞–ª–∏—Ç–∏—á–µ—Å–∫–∞—è —á–∞—Å—Ç
                                                —å}
You may provide a definition with
\DeclareUnicodeCharacter 


! LaTeX Error: Unicode character —å (U+044C)
               not set up for use with LaTeX.

See the LaTeX manual or LaTeX Companion for explanation.
Type  H <return>  for immediate help.
 ...                                              
                                                  
l.1 \chapter{–ê–Ω–∞–ª–∏—Ç–∏—á–µ—Å–∫–∞—è —á–∞—Å—Ç—å
                                                  }
You may provide a definition with
\DeclareUnicodeCharacter 

! Undefined control sequence.
l.3 \section
            {–°–ø–æ—Å–æ–± –æ–ø—Ä–µ–¥–µ–ª–µ–Ω–∏—è –º–æ–¥–µ–ª–µ–π}
The control sequence at the end of the top line
of your error message was never \def'ed. If you have
misspelled it (e.g., `\hobx'), type `I' and the correct
spelling (e.g., `I\hbox'). Otherwise just continue,
and I'll forget about whatever was undefined.


! LaTeX Error: Unicode character –° (U+0421)
               not set up for use with LaTeX.

See the LaTeX manual or LaTeX Companion for explanation.
Type  H <return>  for immediate help.
 ...                                              
                                                  
l.3 \section{–°
               –ø–æ—Å–æ–± –æ–ø—Ä–µ–¥–µ–ª–µ–Ω–∏—è –º–æ–¥–µ–ª–µ–π}
You may provide a definition with
\DeclareUnicodeCharacter 


! LaTeX Error: Unicode character –ø (U+043F)
               not set up for use with LaTeX.

See the LaTeX manual or LaTeX Companion for explanation.
Type  H <return>  for immediate help.
 ...                                              
                                                  
l.3 \section{–°–ø
                 –æ—Å–æ–± –æ–ø—Ä–µ–¥–µ–ª–µ–Ω–∏—è –º–æ–¥–µ–ª–µ–π}
You may provide a definition with
\DeclareUnicodeCharacter 


! LaTeX Error: Unicode character –æ (U+043E)
               not set up for use with LaTeX.

See the LaTeX manual or LaTeX Companion for explanation.
Type  H <return>  for immediate help.
 ...                                              
                                                  
l.3 \section{–°–ø–æ
                   —Å–æ–± –æ–ø—Ä–µ–¥–µ–ª–µ–Ω–∏—è –º–æ–¥–µ–ª–µ–π}
You may provide a definition with
\DeclareUnicodeCharacter 


! LaTeX Error: Unicode character —Å (U+0441)
               not set up for use with LaTeX.

See the LaTeX manual or LaTeX Companion for explanation.
Type  H <return>  for immediate help.
 ...                                              
                                                  
l.3 \section{–°–ø–æ—Å
                     –æ–± –æ–ø—Ä–µ–¥–µ–ª–µ–Ω–∏—è –º–æ–¥–µ–ª–µ–π}
You may provide a definition with
\DeclareUnicodeCharacter 


! LaTeX Error: Unicode character –æ (U+043E)
               not set up for use with LaTeX.

See the LaTeX manual or LaTeX Companion for explanation.
Type  H <return>  for immediate help.
 ...                                              
                                                  
l.3 \section{–°–ø–æ—Å–æ
                       –± –æ–ø—Ä–µ–¥–µ–ª–µ–Ω–∏—è –º–æ–¥–µ–ª–µ–π}
You may provide a definition with
\DeclareUnicodeCharacter 


! LaTeX Error: Unicode character –± (U+0431)
               not set up for use with LaTeX.

See the LaTeX manual or LaTeX Companion for explanation.
Type  H <return>  for immediate help.
 ...                                              
                                                  
l.3 \section{–°–ø–æ—Å–æ–±
                          –æ–ø—Ä–µ–¥–µ–ª–µ–Ω–∏—è –º–æ–¥–µ–ª–µ–π}
You may provide a definition with
\DeclareUnicodeCharacter 


! LaTeX Error: Unicode character –æ (U+043E)
               not set up for use with LaTeX.

See the LaTeX manual or LaTeX Companion for explanation.
Type  H <return>  for immediate help.
 ...                                              
                                                  
l.3 \section{–°–ø–æ—Å–æ–± –æ
                            –ø—Ä–µ–¥–µ–ª–µ–Ω–∏—è –º–æ–¥–µ–ª–µ–π}
You may provide a definition with
\DeclareUnicodeCharacter 


! LaTeX Error: Unicode character –ø (U+043F)
               not set up for use with LaTeX.

See the LaTeX manual or LaTeX Companion for explanation.
Type  H <return>  for immediate help.
 ...                                              
                                                  
l.3 \section{–°–ø–æ—Å–æ–± –æ–ø
                              —Ä–µ–¥–µ–ª–µ–Ω–∏—è –º–æ–¥–µ–ª–µ–π}
You may provide a definition with
\DeclareUnicodeCharacter 


! LaTeX Error: Unicode character —Ä (U+0440)
               not set up for use with LaTeX.

See the LaTeX manual or LaTeX Companion for explanation.
Type  H <return>  for immediate help.
 ...                                              
                                                  
l.3 \section{–°–ø–æ—Å–æ–± –æ–ø—Ä
                                –µ–¥–µ–ª–µ–Ω–∏—è –º–æ–¥–µ–ª–µ–π}
You may provide a definition with
\DeclareUnicodeCharacter 


! LaTeX Error: Unicode character –µ (U+0435)
               not set up for use with LaTeX.

See the LaTeX manual or LaTeX Companion for explanation.
Type  H <return>  for immediate help.
 ...                                              
                                                  
l.3 \section{–°–ø–æ—Å–æ–± –æ–ø—Ä–µ
                                  –¥–µ–ª–µ–Ω–∏—è –º–æ–¥–µ–ª–µ–π}
You may provide a definition with
\DeclareUnicodeCharacter 


! LaTeX Error: Unicode character –¥ (U+0434)
               not set up for use with LaTeX.

See the LaTeX manual or LaTeX Companion for explanation.
Type  H <return>  for immediate help.
 ...                                              
                                                  
l.3 \section{–°–ø–æ—Å–æ–± –æ–ø—Ä–µ–¥
                                    –µ–ª–µ–Ω–∏—è –º–æ–¥–µ–ª–µ–π}
You may provide a definition with
\DeclareUnicodeCharacter 


! LaTeX Error: Unicode character –µ (U+0435)
               not set up for use with LaTeX.

See the LaTeX manual or LaTeX Companion for explanation.
Type  H <return>  for immediate help.
 ...                                              
                                                  
l.3 \section{–°–ø–æ—Å–æ–± –æ–ø—Ä–µ–¥–µ
                                      –ª–µ–Ω–∏—è –º–æ–¥–µ–ª–µ–π}
You may provide a definition with
\DeclareUnicodeCharacter 


! LaTeX Error: Unicode character –ª (U+043B)
               not set up for use with LaTeX.

See the LaTeX manual or LaTeX Companion for explanation.
Type  H <return>  for immediate help.
 ...                                              
                                                  
l.3 \section{–°–ø–æ—Å–æ–± –æ–ø—Ä–µ–¥–µ–ª
                                        –µ–Ω–∏—è –º–æ–¥–µ–ª–µ–π}
You may provide a definition with
\DeclareUnicodeCharacter 


! LaTeX Error: Unicode character –µ (U+0435)
               not set up for use with LaTeX.

See the LaTeX manual or LaTeX Companion for explanation.
Type  H <return>  for immediate help.
 ...                                              
                                                  
l.3 \section{–°–ø–æ—Å–æ–± –æ–ø—Ä–µ–¥–µ–ª–µ
                                          –Ω–∏—è –º–æ–¥–µ–ª–µ–π}
You may provide a definition with
\DeclareUnicodeCharacter 


! LaTeX Error: Unicode character –Ω (U+043D)
               not set up for use with LaTeX.

See the LaTeX manual or LaTeX Companion for explanation.
Type  H <return>  for immediate help.
 ...                                              
                                                  
l.3 \section{–°–ø–æ—Å–æ–± –æ–ø—Ä–µ–¥–µ–ª–µ–Ω
                                            –∏—è –º–æ–¥–µ–ª–µ–π}
You may provide a definition with
\DeclareUnicodeCharacter 


! LaTeX Error: Unicode character –∏ (U+0438)
               not set up for use with LaTeX.

See the LaTeX manual or LaTeX Companion for explanation.
Type  H <return>  for immediate help.
 ...                                              
                                                  
l.3 \section{–°–ø–æ—Å–æ–± –æ–ø—Ä–µ–¥–µ–ª–µ–Ω–∏
                                              —è –º–æ–¥–µ–ª–µ–π}
You may provide a definition with
\DeclareUnicodeCharacter 


! LaTeX Error: Unicode character —è (U+044F)
               not set up for use with LaTeX.

See the LaTeX manual or LaTeX Companion for explanation.
Type  H <return>  for immediate help.
 ...                                              
                                                  
l.3 \section{–°–ø–æ—Å–æ–± –æ–ø—Ä–µ–¥–µ–ª–µ–Ω–∏—è
                                                 –º–æ–¥–µ–ª–µ–π}
You may provide a definition with
\DeclareUnicodeCharacter 


! LaTeX Error: Unicode character –º (U+043C)
               not set up for use with LaTeX.

See the LaTeX manual or LaTeX Companion for explanation.
Type  H <return>  for immediate help.
 ...                                              
                                                  
l.3 ...tion{–°–ø–æ—Å–æ–± –æ–ø—Ä–µ–¥–µ–ª–µ–Ω–∏—è –º
                                                  –æ–¥–µ–ª–µ–π}
You may provide a definition with
\DeclareUnicodeCharacter 


! LaTeX Error: Unicode character –æ (U+043E)
               not set up for use with LaTeX.

See the LaTeX manual or LaTeX Companion for explanation.
Type  H <return>  for immediate help.
 ...                                              
                                                  
l.3 ...on{–°–ø–æ—Å–æ–± –æ–ø—Ä–µ–¥–µ–ª–µ–Ω–∏—è –º–æ
                                                  –¥–µ–ª–µ–π}
You may provide a definition with
\DeclareUnicodeCharacter 


! LaTeX Error: Unicode character –¥ (U+0434)
               not set up for use with LaTeX.

See the LaTeX manual or LaTeX Companion for explanation.
Type  H <return>  for immediate help.
 ...                                              
                                                  
l.3 ...{–°–ø–æ—Å–æ–± –æ–ø—Ä–µ–¥–µ–ª–µ–Ω–∏—è –º–æ–¥
                                                  –µ–ª–µ–π}
You may provide a definition with
\DeclareUnicodeCharacter 


! LaTeX Error: Unicode character –µ (U+0435)
               not set up for use with LaTeX.

See the LaTeX manual or LaTeX Companion for explanation.
Type  H <return>  for immediate help.
 ...                                              
                                                  
l.3 ...°–ø–æ—Å–æ–± –æ–ø—Ä–µ–¥–µ–ª–µ–Ω–∏—è –º–æ–¥–µ
                                                  –ª–µ–π}
You may provide a definition with
\DeclareUnicodeCharacter 


! LaTeX Error: Unicode character –ª (U+043B)
               not set up for use with LaTeX.

See the LaTeX manual or LaTeX Companion for explanation.
Type  H <return>  for immediate help.
 ...                                              
                                                  
l.3 ...ø–æ—Å–æ–± –æ–ø—Ä–µ–¥–µ–ª–µ–Ω–∏—è –º–æ–¥–µ–ª
                                                  –µ–π}
You may provide a definition with
\DeclareUnicodeCharacter 


! LaTeX Error: Unicode character –µ (U+0435)
               not set up for use with LaTeX.

See the LaTeX manual or LaTeX Companion for explanation.
Type  H <return>  for immediate help.
 ...                                              
                                                  
l.3 ...æ—Å–æ–± –æ–ø—Ä–µ–¥–µ–ª–µ–Ω–∏—è –º–æ–¥–µ–ª–µ
                                                  –π}
You may provide a definition with
\DeclareUnicodeCharacter 


! LaTeX Error: Unicode character –π (U+0439)
               not set up for use with LaTeX.

See the LaTeX manual or LaTeX Companion for explanation.
Type  H <return>  for immediate help.
 ...                                              
                                                  
l.3 ...Å–æ–± –æ–ø—Ä–µ–¥–µ–ª–µ–Ω–∏—è –º–æ–¥–µ–ª–µ–π
                                                  }
You may provide a definition with
\DeclareUnicodeCharacter 


! LaTeX Error: Unicode character –í (U+0412)
               not set up for use with LaTeX.

See the LaTeX manual or LaTeX Companion for explanation.
Type  H <return>  for immediate help.
 ...                                              
                                                  
l.5 –í
       —Å–∏—Å—Ç–µ–º–∞—Ö —Ç—Ä–µ—Ö–º–µ—Ä–Ω–æ–≥–æ –º–æ–¥–µ–ª–∏—Ä–æ–≤–∞–Ω–∏—è –∏...

You may provide a definition with
\DeclareUnicodeCharacter 


! LaTeX Error: Unicode character —Å (U+0441)
               not set up for use with LaTeX.

See the LaTeX manual or LaTeX Companion for explanation.
Type  H <return>  for immediate help.
 ...                                              
                                                  
l.5 –í —Å
         –∏—Å—Ç–µ–º–∞—Ö —Ç—Ä–µ—Ö–º–µ—Ä–Ω–æ–≥–æ –º–æ–¥–µ–ª–∏—Ä–æ–≤–∞–Ω–∏—è –∏...

You may provide a definition with
\DeclareUnicodeCharacter 


! LaTeX Error: Unicode character –∏ (U+0438)
               not set up for use with LaTeX.

See the LaTeX manual or LaTeX Companion for explanation.
Type  H <return>  for immediate help.
 ...                                              
                                                  
l.5 –í —Å–∏
           —Å—Ç–µ–º–∞—Ö —Ç—Ä–µ—Ö–º–µ—Ä–Ω–æ–≥–æ –º–æ–¥–µ–ª–∏—Ä–æ–≤–∞–Ω–∏—è –∏...

You may provide a definition with
\DeclareUnicodeCharacter 


! LaTeX Error: Unicode character —Å (U+0441)
               not set up for use with LaTeX.

See the LaTeX manual or LaTeX Companion for explanation.
Type  H <return>  for immediate help.
 ...                                              
                                                  
l.5 –í —Å–∏—Å
             —Ç–µ–º–∞—Ö —Ç—Ä–µ—Ö–º–µ—Ä–Ω–æ–≥–æ –º–æ–¥–µ–ª–∏—Ä–æ–≤–∞–Ω–∏—è –∏...

You may provide a definition with
\DeclareUnicodeCharacter 


! LaTeX Error: Unicode character —Ç (U+0442)
               not set up for use with LaTeX.

See the LaTeX manual or LaTeX Companion for explanation.
Type  H <return>  for immediate help.
 ...                                              
                                                  
l.5 –í —Å–∏—Å—Ç
               –µ–º–∞—Ö —Ç—Ä–µ—Ö–º–µ—Ä–Ω–æ–≥–æ –º–æ–¥–µ–ª–∏—Ä–æ–≤–∞–Ω–∏—è –∏...

You may provide a definition with
\DeclareUnicodeCharacter 


! LaTeX Error: Unicode character –µ (U+0435)
               not set up for use with LaTeX.

See the LaTeX manual or LaTeX Companion for explanation.
Type  H <return>  for immediate help.
 ...                                              
                                                  
l.5 –í —Å–∏—Å—Ç–µ
                 –º–∞—Ö —Ç—Ä–µ—Ö–º–µ—Ä–Ω–æ–≥–æ –º–æ–¥–µ–ª–∏—Ä–æ–≤–∞–Ω–∏—è –∏...

You may provide a definition with
\DeclareUnicodeCharacter 


! LaTeX Error: Unicode character –º (U+043C)
               not set up for use with LaTeX.

See the LaTeX manual or LaTeX Companion for explanation.
Type  H <return>  for immediate help.
 ...                                              
                                                  
l.5 –í —Å–∏—Å—Ç–µ–º
                   –∞—Ö —Ç—Ä–µ—Ö–º–µ—Ä–Ω–æ–≥–æ –º–æ–¥–µ–ª–∏—Ä–æ–≤–∞–Ω–∏—è –∏...

You may provide a definition with
\DeclareUnicodeCharacter 


! LaTeX Error: Unicode character –∞ (U+0430)
               not set up for use with LaTeX.

See the LaTeX manual or LaTeX Companion for explanation.
Type  H <return>  for immediate help.
 ...                                              
                                                  
l.5 –í —Å–∏—Å—Ç–µ–º–∞
                     —Ö —Ç—Ä–µ—Ö–º–µ—Ä–Ω–æ–≥–æ –º–æ–¥–µ–ª–∏—Ä–æ–≤–∞–Ω–∏—è –∏...

You may provide a definition with
\DeclareUnicodeCharacter 


! LaTeX Error: Unicode character —Ö (U+0445)
               not set up for use with LaTeX.

See the LaTeX manual or LaTeX Companion for explanation.
Type  H <return>  for immediate help.
 ...                                              
                                                  
l.5 –í —Å–∏—Å—Ç–µ–º–∞—Ö
                        —Ç—Ä–µ—Ö–º–µ—Ä–Ω–æ–≥–æ –º–æ–¥–µ–ª–∏—Ä–æ–≤–∞–Ω–∏—è –∏...

You may provide a definition with
\DeclareUnicodeCharacter 


! LaTeX Error: Unicode character —Ç (U+0442)
               not set up for use with LaTeX.

See the LaTeX manual or LaTeX Companion for explanation.
Type  H <return>  for immediate help.
 ...                                              
                                                  
l.5 –í —Å–∏—Å—Ç–µ–º–∞—Ö —Ç
                          —Ä–µ—Ö–º–µ—Ä–Ω–æ–≥–æ –º–æ–¥–µ–ª–∏—Ä–æ–≤–∞–Ω–∏—è –∏...

You may provide a definition with
\DeclareUnicodeCharacter 


! LaTeX Error: Unicode character —Ä (U+0440)
               not set up for use with LaTeX.

See the LaTeX manual or LaTeX Companion for explanation.
Type  H <return>  for immediate help.
 ...                                              
                                                  
l.5 –í —Å–∏—Å—Ç–µ–º–∞—Ö —Ç—Ä
                            –µ—Ö–º–µ—Ä–Ω–æ–≥–æ –º–æ–¥–µ–ª–∏—Ä–æ–≤–∞–Ω–∏—è –∏...

You may provide a definition with
\DeclareUnicodeCharacter 


! LaTeX Error: Unicode character –µ (U+0435)
               not set up for use with LaTeX.

See the LaTeX manual or LaTeX Companion for explanation.
Type  H <return>  for immediate help.
 ...                                              
                                                  
l.5 –í —Å–∏—Å—Ç–µ–º–∞—Ö —Ç—Ä–µ
                              —Ö–º–µ—Ä–Ω–æ–≥–æ –º–æ–¥–µ–ª–∏—Ä–æ–≤–∞–Ω–∏—è –∏...

You may provide a definition with
\DeclareUnicodeCharacter 


! LaTeX Error: Unicode character —Ö (U+0445)
               not set up for use with LaTeX.

See the LaTeX manual or LaTeX Companion for explanation.
Type  H <return>  for immediate help.
 ...                                              
                                                  
l.5 –í —Å–∏—Å—Ç–µ–º–∞—Ö —Ç—Ä–µ—Ö
                                –º–µ—Ä–Ω–æ–≥–æ –º–æ–¥–µ–ª–∏—Ä–æ–≤–∞–Ω–∏—è –∏...

You may provide a definition with
\DeclareUnicodeCharacter 


! LaTeX Error: Unicode character –º (U+043C)
               not set up for use with LaTeX.

See the LaTeX manual or LaTeX Companion for explanation.
Type  H <return>  for immediate help.
 ...                                              
                                                  
l.5 –í —Å–∏—Å—Ç–µ–º–∞—Ö —Ç—Ä–µ—Ö–º
                                  –µ—Ä–Ω–æ–≥–æ –º–æ–¥–µ–ª–∏—Ä–æ–≤–∞–Ω–∏—è –∏...

You may provide a definition with
\DeclareUnicodeCharacter 


! LaTeX Error: Unicode character –µ (U+0435)
               not set up for use with LaTeX.

See the LaTeX manual or LaTeX Companion for explanation.
Type  H <return>  for immediate help.
 ...                                              
                                                  
l.5 –í —Å–∏—Å—Ç–µ–º–∞—Ö —Ç—Ä–µ—Ö–º–µ
                                    —Ä–Ω–æ–≥–æ –º–æ–¥–µ–ª–∏—Ä–æ–≤–∞–Ω–∏—è –∏...

You may provide a definition with
\DeclareUnicodeCharacter 


! LaTeX Error: Unicode character —Ä (U+0440)
               not set up for use with LaTeX.

See the LaTeX manual or LaTeX Companion for explanation.
Type  H <return>  for immediate help.
 ...                                              
                                                  
l.5 –í —Å–∏—Å—Ç–µ–º–∞—Ö —Ç—Ä–µ—Ö–º–µ—Ä
                                      –Ω–æ–≥–æ –º–æ–¥–µ–ª–∏—Ä–æ–≤–∞–Ω–∏—è –∏...

You may provide a definition with
\DeclareUnicodeCharacter 


! LaTeX Error: Unicode character –Ω (U+043D)
               not set up for use with LaTeX.

See the LaTeX manual or LaTeX Companion for explanation.
Type  H <return>  for immediate help.
 ...                                              
                                                  
l.5 –í —Å–∏—Å—Ç–µ–º–∞—Ö —Ç—Ä–µ—Ö–º–µ—Ä–Ω
                                        –æ–≥–æ –º–æ–¥–µ–ª–∏—Ä–æ–≤–∞–Ω–∏—è –∏...

You may provide a definition with
\DeclareUnicodeCharacter 


! LaTeX Error: Unicode character –æ (U+043E)
               not set up for use with LaTeX.

See the LaTeX manual or LaTeX Companion for explanation.
Type  H <return>  for immediate help.
 ...                                              
                                                  
l.5 –í —Å–∏—Å—Ç–µ–º–∞—Ö —Ç—Ä–µ—Ö–º–µ—Ä–Ω–æ
                                          –≥–æ –º–æ–¥–µ–ª–∏—Ä–æ–≤–∞–Ω–∏—è –∏...

You may provide a definition with
\DeclareUnicodeCharacter 


! LaTeX Error: Unicode character –≥ (U+0433)
               not set up for use with LaTeX.

See the LaTeX manual or LaTeX Companion for explanation.
Type  H <return>  for immediate help.
 ...                                              
                                                  
l.5 –í —Å–∏—Å—Ç–µ–º–∞—Ö —Ç—Ä–µ—Ö–º–µ—Ä–Ω–æ–≥
                                            –æ –º–æ–¥–µ–ª–∏—Ä–æ–≤–∞–Ω–∏—è –∏...

You may provide a definition with
\DeclareUnicodeCharacter 


! LaTeX Error: Unicode character –æ (U+043E)
               not set up for use with LaTeX.

See the LaTeX manual or LaTeX Companion for explanation.
Type  H <return>  for immediate help.
 ...                                              
                                                  
l.5 –í —Å–∏—Å—Ç–µ–º–∞—Ö —Ç—Ä–µ—Ö–º–µ—Ä–Ω–æ–≥–æ
                                               –º–æ–¥–µ–ª–∏—Ä–æ–≤–∞–Ω–∏—è –∏...

You may provide a definition with
\DeclareUnicodeCharacter 


! LaTeX Error: Unicode character –º (U+043C)
               not set up for use with LaTeX.

See the LaTeX manual or LaTeX Companion for explanation.
Type  H <return>  for immediate help.
 ...                                              
                                                  
l.5 –í —Å–∏—Å—Ç–µ–º–∞—Ö —Ç—Ä–µ—Ö–º–µ—Ä–Ω–æ–≥–æ –º
                                                 –æ–¥–µ–ª–∏—Ä–æ–≤–∞–Ω–∏—è –∏...

You may provide a definition with
\DeclareUnicodeCharacter 


! LaTeX Error: Unicode character –æ (U+043E)
               not set up for use with LaTeX.

See the LaTeX manual or LaTeX Companion for explanation.
Type  H <return>  for immediate help.
 ...                                              
                                                  
l.5 ...Å–∏—Å—Ç–µ–º–∞—Ö —Ç—Ä–µ—Ö–º–µ—Ä–Ω–æ–≥–æ –º–æ
                                                  –¥–µ–ª–∏—Ä–æ–≤–∞–Ω–∏—è –∏—...

You may provide a definition with
\DeclareUnicodeCharacter 


! LaTeX Error: Unicode character –¥ (U+0434)
               not set up for use with LaTeX.

See the LaTeX manual or LaTeX Companion for explanation.
Type  H <return>  for immediate help.
 ...                                              
                                                  
l.5 ...∏—Å—Ç–µ–º–∞—Ö —Ç—Ä–µ—Ö–º–µ—Ä–Ω–æ–≥–æ –º–æ–¥
                                                  –µ–ª–∏—Ä–æ–≤–∞–Ω–∏—è –∏—Å–...

You may provide a definition with
\DeclareUnicodeCharacter 


! LaTeX Error: Unicode character –µ (U+0435)
               not set up for use with LaTeX.

See the LaTeX manual or LaTeX Companion for explanation.
Type  H <return>  for immediate help.
 ...                                              
                                                  
l.5 ...Å—Ç–µ–º–∞—Ö —Ç—Ä–µ—Ö–º–µ—Ä–Ω–æ–≥–æ –º–æ–¥–µ
                                                  –ª–∏—Ä–æ–≤–∞–Ω–∏—è –∏—Å–ø–...

You may provide a definition with
\DeclareUnicodeCharacter 


! LaTeX Error: Unicode character –ª (U+043B)
               not set up for use with LaTeX.

See the LaTeX manual or LaTeX Companion for explanation.
Type  H <return>  for immediate help.
 ...                                              
                                                  
l.5 ...Ç–µ–º–∞—Ö —Ç—Ä–µ—Ö–º–µ—Ä–Ω–æ–≥–æ –º–æ–¥–µ–ª
                                                  –∏—Ä–æ–≤–∞–Ω–∏—è –∏—Å–ø–æ–...

You may provide a definition with
\DeclareUnicodeCharacter 


! LaTeX Error: Unicode character –∏ (U+0438)
               not set up for use with LaTeX.

See the LaTeX manual or LaTeX Companion for explanation.
Type  H <return>  for immediate help.
 ...                                              
                                                  
l.5 ...µ–º–∞—Ö —Ç—Ä–µ—Ö–º–µ—Ä–Ω–æ–≥–æ –º–æ–¥–µ–ª–∏
                                                  —Ä–æ–≤–∞–Ω–∏—è –∏—Å–ø–æ–ª—...

You may provide a definition with
\DeclareUnicodeCharacter 


! LaTeX Error: Unicode character —Ä (U+0440)
               not set up for use with LaTeX.

See the LaTeX manual or LaTeX Companion for explanation.
Type  H <return>  for immediate help.
 ...                                              
                                                  
l.5 ...º–∞—Ö —Ç—Ä–µ—Ö–º–µ—Ä–Ω–æ–≥–æ –º–æ–¥–µ–ª–∏—Ä
                                                  –æ–≤–∞–Ω–∏—è –∏—Å–ø–æ–ª—å–...

You may provide a definition with
\DeclareUnicodeCharacter 


! LaTeX Error: Unicode character –æ (U+043E)
               not set up for use with LaTeX.

See the LaTeX manual or LaTeX Companion for explanation.
Type  H <return>  for immediate help.
 ...                                              
                                                  
l.5 ...∞—Ö —Ç—Ä–µ—Ö–º–µ—Ä–Ω–æ–≥–æ –º–æ–¥–µ–ª–∏—Ä–æ
                                                  –≤–∞–Ω–∏—è –∏—Å–ø–æ–ª—å–∑—...

You may provide a definition with
\DeclareUnicodeCharacter 


! LaTeX Error: Unicode character –≤ (U+0432)
               not set up for use with LaTeX.

See the LaTeX manual or LaTeX Companion for explanation.
Type  H <return>  for immediate help.
 ...                                              
                                                  
l.5 ...Ö —Ç—Ä–µ—Ö–º–µ—Ä–Ω–æ–≥–æ –º–æ–¥–µ–ª–∏—Ä–æ–≤
                                                  –∞–Ω–∏—è –∏—Å–ø–æ–ª—å–∑—É—...

You may provide a definition with
\DeclareUnicodeCharacter 


! LaTeX Error: Unicode character –∞ (U+0430)
               not set up for use with LaTeX.

See the LaTeX manual or LaTeX Companion for explanation.
Type  H <return>  for immediate help.
 ...                                              
                                                  
l.5 ...—Ç—Ä–µ—Ö–º–µ—Ä–Ω–æ–≥–æ –º–æ–¥–µ–ª–∏—Ä–æ–≤–∞
                                                  –Ω–∏—è –∏—Å–ø–æ–ª—å–∑—É—é—...

You may provide a definition with
\DeclareUnicodeCharacter 


! LaTeX Error: Unicode character –Ω (U+043D)
               not set up for use with LaTeX.

See the LaTeX manual or LaTeX Companion for explanation.
Type  H <return>  for immediate help.
 ...                                              
                                                  
l.5 ...—Ä–µ—Ö–º–µ—Ä–Ω–æ–≥–æ –º–æ–¥–µ–ª–∏—Ä–æ–≤–∞–Ω
                                                  –∏—è –∏—Å–ø–æ–ª—å–∑—É—é—Ç—...

You may provide a definition with
\DeclareUnicodeCharacter 


! LaTeX Error: Unicode character –∏ (U+0438)
               not set up for use with LaTeX.

See the LaTeX manual or LaTeX Companion for explanation.
Type  H <return>  for immediate help.
 ...                                              
                                                  
l.5 ...–µ—Ö–º–µ—Ä–Ω–æ–≥–æ –º–æ–¥–µ–ª–∏—Ä–æ–≤–∞–Ω–∏
                                                  —è –∏—Å–ø–æ–ª—å–∑—É—é—Ç—Å—...

You may provide a definition with
\DeclareUnicodeCharacter 


! LaTeX Error: Unicode character —è (U+044F)
               not set up for use with LaTeX.

See the LaTeX manual or LaTeX Companion for explanation.
Type  H <return>  for immediate help.
 ...                                              
                                                  
l.5 ...—Ö–º–µ—Ä–Ω–æ–≥–æ –º–æ–¥–µ–ª–∏—Ä–æ–≤–∞–Ω–∏—è
                                                   –∏—Å–ø–æ–ª—å–∑—É—é—Ç—Å—è ...

You may provide a definition with
\DeclareUnicodeCharacter 


! LaTeX Error: Unicode character –∏ (U+0438)
               not set up for use with LaTeX.

See the LaTeX manual or LaTeX Companion for explanation.
Type  H <return>  for immediate help.
 ...                                              
                                                  
l.5 ...º–µ—Ä–Ω–æ–≥–æ –º–æ–¥–µ–ª–∏—Ä–æ–≤–∞–Ω–∏—è –∏
                                                  —Å–ø–æ–ª—å–∑—É—é—Ç—Å—è —à–...

You may provide a definition with
\DeclareUnicodeCharacter 


! LaTeX Error: Unicode character —Å (U+0441)
               not set up for use with LaTeX.

See the LaTeX manual or LaTeX Companion for explanation.
Type  H <return>  for immediate help.
 ...                                              
                                                  
l.5 ...µ—Ä–Ω–æ–≥–æ –º–æ–¥–µ–ª–∏—Ä–æ–≤–∞–Ω–∏—è –∏—Å
                                                  –ø–æ–ª—å–∑—É—é—Ç—Å—è —à–∏—...

You may provide a definition with
\DeclareUnicodeCharacter 


! LaTeX Error: Unicode character –ø (U+043F)
               not set up for use with LaTeX.

See the LaTeX manual or LaTeX Companion for explanation.
Type  H <return>  for immediate help.
 ...                                              
                                                  
l.5 ...Ä–Ω–æ–≥–æ –º–æ–¥–µ–ª–∏—Ä–æ–≤–∞–Ω–∏—è –∏—Å–ø
                                                  –æ–ª—å–∑—É—é—Ç—Å—è —à–∏—Ä–...

You may provide a definition with
\DeclareUnicodeCharacter 


! LaTeX Error: Unicode character –æ (U+043E)
               not set up for use with LaTeX.

See the LaTeX manual or LaTeX Companion for explanation.
Type  H <return>  for immediate help.
 ...                                              
                                                  
l.5 ...Ω–æ–≥–æ –º–æ–¥–µ–ª–∏—Ä–æ–≤–∞–Ω–∏—è –∏—Å–ø–æ
                                                  –ª—å–∑—É—é—Ç—Å—è —à–∏—Ä–æ–...

You may provide a definition with
\DeclareUnicodeCharacter 


! LaTeX Error: Unicode character –ª (U+043B)
               not set up for use with LaTeX.

See the LaTeX manual or LaTeX Companion for explanation.
Type  H <return>  for immediate help.
 ...                                              
                                                  
l.5 ...æ–≥–æ –º–æ–¥–µ–ª–∏—Ä–æ–≤–∞–Ω–∏—è –∏—Å–ø–æ–ª
                                                  —å–∑—É—é—Ç—Å—è —à–∏—Ä–æ–∫–...

You may provide a definition with
\DeclareUnicodeCharacter 


! LaTeX Error: Unicode character —å (U+044C)
               not set up for use with LaTeX.

See the LaTeX manual or LaTeX Companion for explanation.
Type  H <return>  for immediate help.
 ...                                              
                                                  
l.5 ...≥–æ –º–æ–¥–µ–ª–∏—Ä–æ–≤–∞–Ω–∏—è –∏—Å–ø–æ–ª—å
                                                  –∑—É—é—Ç—Å—è —à–∏—Ä–æ–∫–æ ...

You may provide a definition with
\DeclareUnicodeCharacter 


! LaTeX Error: Unicode character –∑ (U+0437)
               not set up for use with LaTeX.

See the LaTeX manual or LaTeX Companion for explanation.
Type  H <return>  for immediate help.
 ...                                              
                                                  
l.5 ...æ –º–æ–¥–µ–ª–∏—Ä–æ–≤–∞–Ω–∏—è –∏—Å–ø–æ–ª—å–∑
                                                  —É—é—Ç—Å—è —à–∏—Ä–æ–∫–æ –∏...

You may provide a definition with
\DeclareUnicodeCharacter 


! LaTeX Error: Unicode character —É (U+0443)
               not set up for use with LaTeX.

See the LaTeX manual or LaTeX Companion for explanation.
Type  H <return>  for immediate help.
 ...                                              
                                                  
l.5 ...–º–æ–¥–µ–ª–∏—Ä–æ–≤–∞–Ω–∏—è –∏—Å–ø–æ–ª—å–∑—É
                                                  —é—Ç—Å—è —à–∏—Ä–æ–∫–æ –∏—Å...

You may provide a definition with
\DeclareUnicodeCharacter 


! LaTeX Error: Unicode character —é (U+044E)
               not set up for use with LaTeX.

See the LaTeX manual or LaTeX Companion for explanation.
Type  H <return>  for immediate help.
 ...                                              
                                                  
l.5 ...–æ–¥–µ–ª–∏—Ä–æ–≤–∞–Ω–∏—è –∏—Å–ø–æ–ª—å–∑—É—é
                                                  —Ç—Å—è —à–∏—Ä–æ–∫–æ –∏—Å–ø...

You may provide a definition with
\DeclareUnicodeCharacter 


! LaTeX Error: Unicode character —Ç (U+0442)
               not set up for use with LaTeX.

See the LaTeX manual or LaTeX Companion for explanation.
Type  H <return>  for immediate help.
 ...                                              
                                                  
l.5 ...–¥–µ–ª–∏—Ä–æ–≤–∞–Ω–∏—è –∏—Å–ø–æ–ª—å–∑—É—é—Ç
                                                  —Å—è —à–∏—Ä–æ–∫–æ –∏—Å–ø–æ...

You may provide a definition with
\DeclareUnicodeCharacter 


! LaTeX Error: Unicode character —Å (U+0441)
               not set up for use with LaTeX.

See the LaTeX manual or LaTeX Companion for explanation.
Type  H <return>  for immediate help.
 ...                                              
                                                  
l.5 ...–µ–ª–∏—Ä–æ–≤–∞–Ω–∏—è –∏—Å–ø–æ–ª—å–∑—É—é—Ç—Å
                                                  —è —à–∏—Ä–æ–∫–æ –∏—Å–ø–æ–ª...

You may provide a definition with
\DeclareUnicodeCharacter 


! LaTeX Error: Unicode character —è (U+044F)
               not set up for use with LaTeX.

See the LaTeX manual or LaTeX Companion for explanation.
Type  H <return>  for immediate help.
 ...                                              
                                                  
l.5 ...–ª–∏—Ä–æ–≤–∞–Ω–∏—è –∏—Å–ø–æ–ª—å–∑—É—é—Ç—Å—è
                                                   —à–∏—Ä–æ–∫–æ –∏—Å–ø–æ–ª—å...

You may provide a definition with
\DeclareUnicodeCharacter 


! LaTeX Error: Unicode character —à (U+0448)
               not set up for use with LaTeX.

See the LaTeX manual or LaTeX Companion for explanation.
Type  H <return>  for immediate help.
 ...                                              
                                                  
l.5 ...∏—Ä–æ–≤–∞–Ω–∏—è –∏—Å–ø–æ–ª—å–∑—É—é—Ç—Å—è —à
                                                  –∏—Ä–æ–∫–æ –∏—Å–ø–æ–ª—å–∑—...

You may provide a definition with
\DeclareUnicodeCharacter 


! LaTeX Error: Unicode character –∏ (U+0438)
               not set up for use with LaTeX.

See the LaTeX manual or LaTeX Companion for explanation.
Type  H <return>  for immediate help.
 ...                                              
                                                  
l.5 ...Ä–æ–≤–∞–Ω–∏—è –∏—Å–ø–æ–ª—å–∑—É—é—Ç—Å—è —à–∏
                                                  —Ä–æ–∫–æ –∏—Å–ø–æ–ª—å–∑—É–...

You may provide a definition with
\DeclareUnicodeCharacter 


! LaTeX Error: Unicode character —Ä (U+0440)
               not set up for use with LaTeX.

See the LaTeX manual or LaTeX Companion for explanation.
Type  H <return>  for immediate help.
 ...                                              
                                                  
l.5 ...æ–≤–∞–Ω–∏—è –∏—Å–ø–æ–ª—å–∑—É—é—Ç—Å—è —à–∏—Ä
                                                  –æ–∫–æ –∏—Å–ø–æ–ª—å–∑—É–µ—...

You may provide a definition with
\DeclareUnicodeCharacter 


! LaTeX Error: Unicode character –æ (U+043E)
               not set up for use with LaTeX.

See the LaTeX manual or LaTeX Companion for explanation.
Type  H <return>  for immediate help.
 ...                                              
                                                  
l.5 ...≤–∞–Ω–∏—è –∏—Å–ø–æ–ª—å–∑—É—é—Ç—Å—è —à–∏—Ä–æ
                                                  –∫–æ –∏—Å–ø–æ–ª—å–∑—É–µ—Ç—...

You may provide a definition with
\DeclareUnicodeCharacter 


! LaTeX Error: Unicode character –∫ (U+043A)
               not set up for use with LaTeX.

See the LaTeX manual or LaTeX Companion for explanation.
Type  H <return>  for immediate help.
 ...                                              
                                                  
l.5 ...∞–Ω–∏—è –∏—Å–ø–æ–ª—å–∑—É—é—Ç—Å—è —à–∏—Ä–æ–∫
                                                  –æ –∏—Å–ø–æ–ª—å–∑—É–µ—Ç—Å—...

You may provide a definition with
\DeclareUnicodeCharacter 


! LaTeX Error: Unicode character –æ (U+043E)
               not set up for use with LaTeX.

See the LaTeX manual or LaTeX Companion for explanation.
Type  H <return>  for immediate help.
 ...                                              
                                                  
l.5 ...Ω–∏—è –∏—Å–ø–æ–ª—å–∑—É—é—Ç—Å—è —à–∏—Ä–æ–∫–æ
                                                   –∏—Å–ø–æ–ª—å–∑—É–µ—Ç—Å—è,...

You may provide a definition with
\DeclareUnicodeCharacter 


! LaTeX Error: Unicode character –∏ (U+0438)
               not set up for use with LaTeX.

See the LaTeX manual or LaTeX Companion for explanation.
Type  H <return>  for immediate help.
 ...                                              
                                                  
l.5 ...—è –∏—Å–ø–æ–ª—å–∑—É—é—Ç—Å—è —à–∏—Ä–æ–∫–æ –∏
                                                  —Å–ø–æ–ª—å–∑—É–µ—Ç—Å—è, –∫...

You may provide a definition with
\DeclareUnicodeCharacter 


! LaTeX Error: Unicode character —Å (U+0441)
               not set up for use with LaTeX.

See the LaTeX manual or LaTeX Companion for explanation.
Type  H <return>  for immediate help.
 ...                                              
                                                  
l.5 ... –∏—Å–ø–æ–ª—å–∑—É—é—Ç—Å—è —à–∏—Ä–æ–∫–æ –∏—Å
                                                  –ø–æ–ª—å–∑—É–µ—Ç—Å—è, –∫–∞...

You may provide a definition with
\DeclareUnicodeCharacter 


! LaTeX Error: Unicode character –ø (U+043F)
               not set up for use with LaTeX.

See the LaTeX manual or LaTeX Companion for explanation.
Type  H <return>  for immediate help.
 ...                                              
                                                  
l.5 ...∏—Å–ø–æ–ª—å–∑—É—é—Ç—Å—è —à–∏—Ä–æ–∫–æ –∏—Å–ø
                                                  –æ–ª—å–∑—É–µ—Ç—Å—è, –∫–∞—Ä...

You may provide a definition with
\DeclareUnicodeCharacter 


! LaTeX Error: Unicode character –æ (U+043E)
               not set up for use with LaTeX.

See the LaTeX manual or LaTeX Companion for explanation.
Type  H <return>  for immediate help.
 ...                                              
                                                  
l.5 ...Å–ø–æ–ª—å–∑—É—é—Ç—Å—è —à–∏—Ä–æ–∫–æ –∏—Å–ø–æ
                                                  –ª—å–∑—É–µ—Ç—Å—è, –∫–∞—Ä–∫...

You may provide a definition with
\DeclareUnicodeCharacter 


! LaTeX Error: Unicode character –ª (U+043B)
               not set up for use with LaTeX.

See the LaTeX manual or LaTeX Companion for explanation.
Type  H <return>  for immediate help.
 ...                                              
                                                  
l.5 ...ø–æ–ª—å–∑—É—é—Ç—Å—è —à–∏—Ä–æ–∫–æ –∏—Å–ø–æ–ª
                                                  —å–∑—É–µ—Ç—Å—è, –∫–∞—Ä–∫–∞...
(That makes 100 errors; please try again.) 
Here is how much of TeX's memory you used:
 45 strings out of 477484
 729 string characters out of 5831474
 1849330 words of memory out of 5000000
 20294 multiletter control sequences out of 15000+600000
 512287 words of font info for 32 fonts, out of 8000000 for 9000
 452 hyphenation exceptions out of 8191
 13i,0n,12p,648b,30s stack positions out of 10000i,1000n,20000p,200000b,200000s

!  ==> Fatal error occurred, no output PDF file produced!
