This is pdfTeX, Version 3.141592653-2.6-1.40.24 (TeX Live 2022/Debian) (preloaded format=pdflatex 2023.7.16)  18 JUL 2023 17:01
entering extended mode
 restricted \write18 enabled.
 %&-line parsing enabled.
**40-research.tex
(./40-research.tex
LaTeX2e <2022-11-01> patch level 1
L3 programming layer <2023-01-16>
! Undefined control sequence.
l.1 \chapter
            {–ò—Å—Å–ª–µ–¥–æ–≤–∞—Ç–µ–ª—å—Å–∫–∞—è —á–∞—Å—Ç—å}
The control sequence at the end of the top line
of your error message was never \def'ed. If you have
misspelled it (e.g., `\hobx'), type `I' and the correct
spelling (e.g., `I\hbox'). Otherwise just continue,
and I'll forget about whatever was undefined.


! LaTeX Error: Unicode character –ò (U+0418)
               not set up for use with LaTeX.

See the LaTeX manual or LaTeX Companion for explanation.
Type  H <return>  for immediate help.
 ...                                              
                                                  
l.1 \chapter{–ò
               —Å—Å–ª–µ–¥–æ–≤–∞—Ç–µ–ª—å—Å–∫–∞—è —á–∞—Å—Ç—å}
You may provide a definition with
\DeclareUnicodeCharacter 


! LaTeX Error: Unicode character —Å (U+0441)
               not set up for use with LaTeX.

See the LaTeX manual or LaTeX Companion for explanation.
Type  H <return>  for immediate help.
 ...                                              
                                                  
l.1 \chapter{–ò—Å
                 —Å–ª–µ–¥–æ–≤–∞—Ç–µ–ª—å—Å–∫–∞—è —á–∞—Å—Ç—å}
You may provide a definition with
\DeclareUnicodeCharacter 


! LaTeX Error: Unicode character —Å (U+0441)
               not set up for use with LaTeX.

See the LaTeX manual or LaTeX Companion for explanation.
Type  H <return>  for immediate help.
 ...                                              
                                                  
l.1 \chapter{–ò—Å—Å
                   –ª–µ–¥–æ–≤–∞—Ç–µ–ª—å—Å–∫–∞—è —á–∞—Å—Ç—å}
You may provide a definition with
\DeclareUnicodeCharacter 


! LaTeX Error: Unicode character –ª (U+043B)
               not set up for use with LaTeX.

See the LaTeX manual or LaTeX Companion for explanation.
Type  H <return>  for immediate help.
 ...                                              
                                                  
l.1 \chapter{–ò—Å—Å–ª
                     –µ–¥–æ–≤–∞—Ç–µ–ª—å—Å–∫–∞—è —á–∞—Å—Ç—å}
You may provide a definition with
\DeclareUnicodeCharacter 


! LaTeX Error: Unicode character –µ (U+0435)
               not set up for use with LaTeX.

See the LaTeX manual or LaTeX Companion for explanation.
Type  H <return>  for immediate help.
 ...                                              
                                                  
l.1 \chapter{–ò—Å—Å–ª–µ
                       –¥–æ–≤–∞—Ç–µ–ª—å—Å–∫–∞—è —á–∞—Å—Ç—å}
You may provide a definition with
\DeclareUnicodeCharacter 


! LaTeX Error: Unicode character –¥ (U+0434)
               not set up for use with LaTeX.

See the LaTeX manual or LaTeX Companion for explanation.
Type  H <return>  for immediate help.
 ...                                              
                                                  
l.1 \chapter{–ò—Å—Å–ª–µ–¥
                         –æ–≤–∞—Ç–µ–ª—å—Å–∫–∞—è —á–∞—Å—Ç—å}
You may provide a definition with
\DeclareUnicodeCharacter 


! LaTeX Error: Unicode character –æ (U+043E)
               not set up for use with LaTeX.

See the LaTeX manual or LaTeX Companion for explanation.
Type  H <return>  for immediate help.
 ...                                              
                                                  
l.1 \chapter{–ò—Å—Å–ª–µ–¥–æ
                           –≤–∞—Ç–µ–ª—å—Å–∫–∞—è —á–∞—Å—Ç—å}
You may provide a definition with
\DeclareUnicodeCharacter 


! LaTeX Error: Unicode character –≤ (U+0432)
               not set up for use with LaTeX.

See the LaTeX manual or LaTeX Companion for explanation.
Type  H <return>  for immediate help.
 ...                                              
                                                  
l.1 \chapter{–ò—Å—Å–ª–µ–¥–æ–≤
                             –∞—Ç–µ–ª—å—Å–∫–∞—è —á–∞—Å—Ç—å}
You may provide a definition with
\DeclareUnicodeCharacter 


! LaTeX Error: Unicode character –∞ (U+0430)
               not set up for use with LaTeX.

See the LaTeX manual or LaTeX Companion for explanation.
Type  H <return>  for immediate help.
 ...                                              
                                                  
l.1 \chapter{–ò—Å—Å–ª–µ–¥–æ–≤–∞
                               —Ç–µ–ª—å—Å–∫–∞—è —á–∞—Å—Ç—å}
You may provide a definition with
\DeclareUnicodeCharacter 


! LaTeX Error: Unicode character —Ç (U+0442)
               not set up for use with LaTeX.

See the LaTeX manual or LaTeX Companion for explanation.
Type  H <return>  for immediate help.
 ...                                              
                                                  
l.1 \chapter{–ò—Å—Å–ª–µ–¥–æ–≤–∞—Ç
                                 –µ–ª—å—Å–∫–∞—è —á–∞—Å—Ç—å}
You may provide a definition with
\DeclareUnicodeCharacter 


! LaTeX Error: Unicode character –µ (U+0435)
               not set up for use with LaTeX.

See the LaTeX manual or LaTeX Companion for explanation.
Type  H <return>  for immediate help.
 ...                                              
                                                  
l.1 \chapter{–ò—Å—Å–ª–µ–¥–æ–≤–∞—Ç–µ
                                   –ª—å—Å–∫–∞—è —á–∞—Å—Ç—å}
You may provide a definition with
\DeclareUnicodeCharacter 


! LaTeX Error: Unicode character –ª (U+043B)
               not set up for use with LaTeX.

See the LaTeX manual or LaTeX Companion for explanation.
Type  H <return>  for immediate help.
 ...                                              
                                                  
l.1 \chapter{–ò—Å—Å–ª–µ–¥–æ–≤–∞—Ç–µ–ª
                                     —å—Å–∫–∞—è —á–∞—Å—Ç—å}
You may provide a definition with
\DeclareUnicodeCharacter 


! LaTeX Error: Unicode character —å (U+044C)
               not set up for use with LaTeX.

See the LaTeX manual or LaTeX Companion for explanation.
Type  H <return>  for immediate help.
 ...                                              
                                                  
l.1 \chapter{–ò—Å—Å–ª–µ–¥–æ–≤–∞—Ç–µ–ª—å
                                       —Å–∫–∞—è —á–∞—Å—Ç—å}
You may provide a definition with
\DeclareUnicodeCharacter 


! LaTeX Error: Unicode character —Å (U+0441)
               not set up for use with LaTeX.

See the LaTeX manual or LaTeX Companion for explanation.
Type  H <return>  for immediate help.
 ...                                              
                                                  
l.1 \chapter{–ò—Å—Å–ª–µ–¥–æ–≤–∞—Ç–µ–ª—å—Å
                                         –∫–∞—è —á–∞—Å—Ç—å}
You may provide a definition with
\DeclareUnicodeCharacter 


! LaTeX Error: Unicode character –∫ (U+043A)
               not set up for use with LaTeX.

See the LaTeX manual or LaTeX Companion for explanation.
Type  H <return>  for immediate help.
 ...                                              
                                                  
l.1 \chapter{–ò—Å—Å–ª–µ–¥–æ–≤–∞—Ç–µ–ª—å—Å–∫
                                           –∞—è —á–∞—Å—Ç—å}
You may provide a definition with
\DeclareUnicodeCharacter 


! LaTeX Error: Unicode character –∞ (U+0430)
               not set up for use with LaTeX.

See the LaTeX manual or LaTeX Companion for explanation.
Type  H <return>  for immediate help.
 ...                                              
                                                  
l.1 \chapter{–ò—Å—Å–ª–µ–¥–æ–≤–∞—Ç–µ–ª—å—Å–∫–∞
                                             —è —á–∞—Å—Ç—å}
You may provide a definition with
\DeclareUnicodeCharacter 


! LaTeX Error: Unicode character —è (U+044F)
               not set up for use with LaTeX.

See the LaTeX manual or LaTeX Companion for explanation.
Type  H <return>  for immediate help.
 ...                                              
                                                  
l.1 \chapter{–ò—Å—Å–ª–µ–¥–æ–≤–∞—Ç–µ–ª—å—Å–∫–∞—è
                                                —á–∞—Å—Ç—å}
You may provide a definition with
\DeclareUnicodeCharacter 


! LaTeX Error: Unicode character —á (U+0447)
               not set up for use with LaTeX.

See the LaTeX manual or LaTeX Companion for explanation.
Type  H <return>  for immediate help.
 ...                                              
                                                  
l.1 \chapter{–ò—Å—Å–ª–µ–¥–æ–≤–∞—Ç–µ–ª—å—Å–∫–∞—è —á
                                                  –∞—Å—Ç—å}
You may provide a definition with
\DeclareUnicodeCharacter 


! LaTeX Error: Unicode character –∞ (U+0430)
               not set up for use with LaTeX.

See the LaTeX manual or LaTeX Companion for explanation.
Type  H <return>  for immediate help.
 ...                                              
                                                  
l.1 ...ter{–ò—Å—Å–ª–µ–¥–æ–≤–∞—Ç–µ–ª—å—Å–∫–∞—è —á–∞
                                                  —Å—Ç—å}
You may provide a definition with
\DeclareUnicodeCharacter 


! LaTeX Error: Unicode character —Å (U+0441)
               not set up for use with LaTeX.

See the LaTeX manual or LaTeX Companion for explanation.
Type  H <return>  for immediate help.
 ...                                              
                                                  
l.1 ...r{–ò—Å—Å–ª–µ–¥–æ–≤–∞—Ç–µ–ª—å—Å–∫–∞—è —á–∞—Å
                                                  —Ç—å}
You may provide a definition with
\DeclareUnicodeCharacter 


! LaTeX Error: Unicode character —Ç (U+0442)
               not set up for use with LaTeX.

See the LaTeX manual or LaTeX Companion for explanation.
Type  H <return>  for immediate help.
 ...                                              
                                                  
l.1 ...–ò—Å—Å–ª–µ–¥–æ–≤–∞—Ç–µ–ª—å—Å–∫–∞—è —á–∞—Å—Ç
                                                  —å}
You may provide a definition with
\DeclareUnicodeCharacter 


! LaTeX Error: Unicode character —å (U+044C)
               not set up for use with LaTeX.

See the LaTeX manual or LaTeX Companion for explanation.
Type  H <return>  for immediate help.
 ...                                              
                                                  
l.1 ...—Å—Å–ª–µ–¥–æ–≤–∞—Ç–µ–ª—å—Å–∫–∞—è —á–∞—Å—Ç—å
                                                  }
You may provide a definition with
\DeclareUnicodeCharacter 


! LaTeX Error: Unicode character –í (U+0412)
               not set up for use with LaTeX.

See the LaTeX manual or LaTeX Companion for explanation.
Type  H <return>  for immediate help.
 ...                                              
                                                  
l.3 –í
       –¥–∞–Ω–Ω–æ–º —Ä–∞–∑–¥–µ–ª–µ –±—É–¥—É—Ç –ø—Ä–∏–≤–µ–¥–µ–Ω—ã –ø—Ä–∏–º–µ—...

You may provide a definition with
\DeclareUnicodeCharacter 


! LaTeX Error: Unicode character –¥ (U+0434)
               not set up for use with LaTeX.

See the LaTeX manual or LaTeX Companion for explanation.
Type  H <return>  for immediate help.
 ...                                              
                                                  
l.3 –í –¥
         –∞–Ω–Ω–æ–º —Ä–∞–∑–¥–µ–ª–µ –±—É–¥—É—Ç –ø—Ä–∏–≤–µ–¥–µ–Ω—ã –ø—Ä–∏–º–µ—...

You may provide a definition with
\DeclareUnicodeCharacter 


! LaTeX Error: Unicode character –∞ (U+0430)
               not set up for use with LaTeX.

See the LaTeX manual or LaTeX Companion for explanation.
Type  H <return>  for immediate help.
 ...                                              
                                                  
l.3 –í –¥–∞
           –Ω–Ω–æ–º —Ä–∞–∑–¥–µ–ª–µ –±—É–¥—É—Ç –ø—Ä–∏–≤–µ–¥–µ–Ω—ã –ø—Ä–∏–º–µ—...

You may provide a definition with
\DeclareUnicodeCharacter 


! LaTeX Error: Unicode character –Ω (U+043D)
               not set up for use with LaTeX.

See the LaTeX manual or LaTeX Companion for explanation.
Type  H <return>  for immediate help.
 ...                                              
                                                  
l.3 –í –¥–∞–Ω
             –Ω–æ–º —Ä–∞–∑–¥–µ–ª–µ –±—É–¥—É—Ç –ø—Ä–∏–≤–µ–¥–µ–Ω—ã –ø—Ä–∏–º–µ—...

You may provide a definition with
\DeclareUnicodeCharacter 


! LaTeX Error: Unicode character –Ω (U+043D)
               not set up for use with LaTeX.

See the LaTeX manual or LaTeX Companion for explanation.
Type  H <return>  for immediate help.
 ...                                              
                                                  
l.3 –í –¥–∞–Ω–Ω
               –æ–º —Ä–∞–∑–¥–µ–ª–µ –±—É–¥—É—Ç –ø—Ä–∏–≤–µ–¥–µ–Ω—ã –ø—Ä–∏–º–µ—...

You may provide a definition with
\DeclareUnicodeCharacter 


! LaTeX Error: Unicode character –æ (U+043E)
               not set up for use with LaTeX.

See the LaTeX manual or LaTeX Companion for explanation.
Type  H <return>  for immediate help.
 ...                                              
                                                  
l.3 –í –¥–∞–Ω–Ω–æ
                 –º —Ä–∞–∑–¥–µ–ª–µ –±—É–¥—É—Ç –ø—Ä–∏–≤–µ–¥–µ–Ω—ã –ø—Ä–∏–º–µ—...

You may provide a definition with
\DeclareUnicodeCharacter 


! LaTeX Error: Unicode character –º (U+043C)
               not set up for use with LaTeX.

See the LaTeX manual or LaTeX Companion for explanation.
Type  H <return>  for immediate help.
 ...                                              
                                                  
l.3 –í –¥–∞–Ω–Ω–æ–º
                    —Ä–∞–∑–¥–µ–ª–µ –±—É–¥—É—Ç –ø—Ä–∏–≤–µ–¥–µ–Ω—ã –ø—Ä–∏–º–µ—...

You may provide a definition with
\DeclareUnicodeCharacter 


! LaTeX Error: Unicode character —Ä (U+0440)
               not set up for use with LaTeX.

See the LaTeX manual or LaTeX Companion for explanation.
Type  H <return>  for immediate help.
 ...                                              
                                                  
l.3 –í –¥–∞–Ω–Ω–æ–º —Ä
                      –∞–∑–¥–µ–ª–µ –±—É–¥—É—Ç –ø—Ä–∏–≤–µ–¥–µ–Ω—ã –ø—Ä–∏–º–µ—...

You may provide a definition with
\DeclareUnicodeCharacter 


! LaTeX Error: Unicode character –∞ (U+0430)
               not set up for use with LaTeX.

See the LaTeX manual or LaTeX Companion for explanation.
Type  H <return>  for immediate help.
 ...                                              
                                                  
l.3 –í –¥–∞–Ω–Ω–æ–º —Ä–∞
                        –∑–¥–µ–ª–µ –±—É–¥—É—Ç –ø—Ä–∏–≤–µ–¥–µ–Ω—ã –ø—Ä–∏–º–µ—...

You may provide a definition with
\DeclareUnicodeCharacter 


! LaTeX Error: Unicode character –∑ (U+0437)
               not set up for use with LaTeX.

See the LaTeX manual or LaTeX Companion for explanation.
Type  H <return>  for immediate help.
 ...                                              
                                                  
l.3 –í –¥–∞–Ω–Ω–æ–º —Ä–∞–∑
                          –¥–µ–ª–µ –±—É–¥—É—Ç –ø—Ä–∏–≤–µ–¥–µ–Ω—ã –ø—Ä–∏–º–µ—...

You may provide a definition with
\DeclareUnicodeCharacter 


! LaTeX Error: Unicode character –¥ (U+0434)
               not set up for use with LaTeX.

See the LaTeX manual or LaTeX Companion for explanation.
Type  H <return>  for immediate help.
 ...                                              
                                                  
l.3 –í –¥–∞–Ω–Ω–æ–º —Ä–∞–∑–¥
                            –µ–ª–µ –±—É–¥—É—Ç –ø—Ä–∏–≤–µ–¥–µ–Ω—ã –ø—Ä–∏–º–µ—...

You may provide a definition with
\DeclareUnicodeCharacter 


! LaTeX Error: Unicode character –µ (U+0435)
               not set up for use with LaTeX.

See the LaTeX manual or LaTeX Companion for explanation.
Type  H <return>  for immediate help.
 ...                                              
                                                  
l.3 –í –¥–∞–Ω–Ω–æ–º —Ä–∞–∑–¥–µ
                              –ª–µ –±—É–¥—É—Ç –ø—Ä–∏–≤–µ–¥–µ–Ω—ã –ø—Ä–∏–º–µ—...

You may provide a definition with
\DeclareUnicodeCharacter 


! LaTeX Error: Unicode character –ª (U+043B)
               not set up for use with LaTeX.

See the LaTeX manual or LaTeX Companion for explanation.
Type  H <return>  for immediate help.
 ...                                              
                                                  
l.3 –í –¥–∞–Ω–Ω–æ–º —Ä–∞–∑–¥–µ–ª
                                –µ –±—É–¥—É—Ç –ø—Ä–∏–≤–µ–¥–µ–Ω—ã –ø—Ä–∏–º–µ—...

You may provide a definition with
\DeclareUnicodeCharacter 


! LaTeX Error: Unicode character –µ (U+0435)
               not set up for use with LaTeX.

See the LaTeX manual or LaTeX Companion for explanation.
Type  H <return>  for immediate help.
 ...                                              
                                                  
l.3 –í –¥–∞–Ω–Ω–æ–º —Ä–∞–∑–¥–µ–ª–µ
                                   –±—É–¥—É—Ç –ø—Ä–∏–≤–µ–¥–µ–Ω—ã –ø—Ä–∏–º–µ—...

You may provide a definition with
\DeclareUnicodeCharacter 


! LaTeX Error: Unicode character –± (U+0431)
               not set up for use with LaTeX.

See the LaTeX manual or LaTeX Companion for explanation.
Type  H <return>  for immediate help.
 ...                                              
                                                  
l.3 –í –¥–∞–Ω–Ω–æ–º —Ä–∞–∑–¥–µ–ª–µ –±
                                     —É–¥—É—Ç –ø—Ä–∏–≤–µ–¥–µ–Ω—ã –ø—Ä–∏–º–µ—...

You may provide a definition with
\DeclareUnicodeCharacter 


! LaTeX Error: Unicode character —É (U+0443)
               not set up for use with LaTeX.

See the LaTeX manual or LaTeX Companion for explanation.
Type  H <return>  for immediate help.
 ...                                              
                                                  
l.3 –í –¥–∞–Ω–Ω–æ–º —Ä–∞–∑–¥–µ–ª–µ –±—É
                                       –¥—É—Ç –ø—Ä–∏–≤–µ–¥–µ–Ω—ã –ø—Ä–∏–º–µ—...

You may provide a definition with
\DeclareUnicodeCharacter 


! LaTeX Error: Unicode character –¥ (U+0434)
               not set up for use with LaTeX.

See the LaTeX manual or LaTeX Companion for explanation.
Type  H <return>  for immediate help.
 ...                                              
                                                  
l.3 –í –¥–∞–Ω–Ω–æ–º —Ä–∞–∑–¥–µ–ª–µ –±—É–¥
                                         —É—Ç –ø—Ä–∏–≤–µ–¥–µ–Ω—ã –ø—Ä–∏–º–µ—...

You may provide a definition with
\DeclareUnicodeCharacter 


! LaTeX Error: Unicode character —É (U+0443)
               not set up for use with LaTeX.

See the LaTeX manual or LaTeX Companion for explanation.
Type  H <return>  for immediate help.
 ...                                              
                                                  
l.3 –í –¥–∞–Ω–Ω–æ–º —Ä–∞–∑–¥–µ–ª–µ –±—É–¥—É
                                           —Ç –ø—Ä–∏–≤–µ–¥–µ–Ω—ã –ø—Ä–∏–º–µ—...

You may provide a definition with
\DeclareUnicodeCharacter 


! LaTeX Error: Unicode character —Ç (U+0442)
               not set up for use with LaTeX.

See the LaTeX manual or LaTeX Companion for explanation.
Type  H <return>  for immediate help.
 ...                                              
                                                  
l.3 –í –¥–∞–Ω–Ω–æ–º —Ä–∞–∑–¥–µ–ª–µ –±—É–¥—É—Ç
                                              –ø—Ä–∏–≤–µ–¥–µ–Ω—ã –ø—Ä–∏–º–µ—...

You may provide a definition with
\DeclareUnicodeCharacter 


! LaTeX Error: Unicode character –ø (U+043F)
               not set up for use with LaTeX.

See the LaTeX manual or LaTeX Companion for explanation.
Type  H <return>  for immediate help.
 ...                                              
                                                  
l.3 –í –¥–∞–Ω–Ω–æ–º —Ä–∞–∑–¥–µ–ª–µ –±—É–¥—É—Ç –ø
                                                —Ä–∏–≤–µ–¥–µ–Ω—ã –ø—Ä–∏–º–µ—...

You may provide a definition with
\DeclareUnicodeCharacter 


! LaTeX Error: Unicode character —Ä (U+0440)
               not set up for use with LaTeX.

See the LaTeX manual or LaTeX Companion for explanation.
Type  H <return>  for immediate help.
 ...                                              
                                                  
l.3 –í –¥–∞–Ω–Ω–æ–º —Ä–∞–∑–¥–µ–ª–µ –±—É–¥—É—Ç –ø—Ä
                                                  –∏–≤–µ–¥–µ–Ω—ã –ø—Ä–∏–º–µ—...

You may provide a definition with
\DeclareUnicodeCharacter 


! LaTeX Error: Unicode character –∏ (U+0438)
               not set up for use with LaTeX.

See the LaTeX manual or LaTeX Companion for explanation.
Type  H <return>  for immediate help.
 ...                                              
                                                  
l.3 ...–∞–Ω–Ω–æ–º —Ä–∞–∑–¥–µ–ª–µ –±—É–¥—É—Ç –ø—Ä–∏
                                                  –≤–µ–¥–µ–Ω—ã –ø—Ä–∏–º–µ—Ä—...

You may provide a definition with
\DeclareUnicodeCharacter 


! LaTeX Error: Unicode character –≤ (U+0432)
               not set up for use with LaTeX.

See the LaTeX manual or LaTeX Companion for explanation.
Type  H <return>  for immediate help.
 ...                                              
                                                  
l.3 ...–Ω–Ω–æ–º —Ä–∞–∑–¥–µ–ª–µ –±—É–¥—É—Ç –ø—Ä–∏–≤
                                                  –µ–¥–µ–Ω—ã –ø—Ä–∏–º–µ—Ä—ã ...

You may provide a definition with
\DeclareUnicodeCharacter 


! LaTeX Error: Unicode character –µ (U+0435)
               not set up for use with LaTeX.

See the LaTeX manual or LaTeX Companion for explanation.
Type  H <return>  for immediate help.
 ...                                              
                                                  
l.3 ...–Ω–æ–º —Ä–∞–∑–¥–µ–ª–µ –±—É–¥—É—Ç –ø—Ä–∏–≤–µ
                                                  –¥–µ–Ω—ã –ø—Ä–∏–º–µ—Ä—ã —Ä...

You may provide a definition with
\DeclareUnicodeCharacter 


! LaTeX Error: Unicode character –¥ (U+0434)
               not set up for use with LaTeX.

See the LaTeX manual or LaTeX Companion for explanation.
Type  H <return>  for immediate help.
 ...                                              
                                                  
l.3 ...–æ–º —Ä–∞–∑–¥–µ–ª–µ –±—É–¥—É—Ç –ø—Ä–∏–≤–µ–¥
                                                  –µ–Ω—ã –ø—Ä–∏–º–µ—Ä—ã —Ä–∞...

You may provide a definition with
\DeclareUnicodeCharacter 


! LaTeX Error: Unicode character –µ (U+0435)
               not set up for use with LaTeX.

See the LaTeX manual or LaTeX Companion for explanation.
Type  H <return>  for immediate help.
 ...                                              
                                                  
l.3 ...–º —Ä–∞–∑–¥–µ–ª–µ –±—É–¥—É—Ç –ø—Ä–∏–≤–µ–¥–µ
                                                  –Ω—ã –ø—Ä–∏–º–µ—Ä—ã —Ä–∞–±...

You may provide a definition with
\DeclareUnicodeCharacter 


! LaTeX Error: Unicode character –Ω (U+043D)
               not set up for use with LaTeX.

See the LaTeX manual or LaTeX Companion for explanation.
Type  H <return>  for immediate help.
 ...                                              
                                                  
l.3 ... —Ä–∞–∑–¥–µ–ª–µ –±—É–¥—É—Ç –ø—Ä–∏–≤–µ–¥–µ–Ω
                                                  —ã –ø—Ä–∏–º–µ—Ä—ã —Ä–∞–±–æ...

You may provide a definition with
\DeclareUnicodeCharacter 


! LaTeX Error: Unicode character —ã (U+044B)
               not set up for use with LaTeX.

See the LaTeX manual or LaTeX Companion for explanation.
Type  H <return>  for immediate help.
 ...                                              
                                                  
l.3 ...Ä–∞–∑–¥–µ–ª–µ –±—É–¥—É—Ç –ø—Ä–∏–≤–µ–¥–µ–Ω—ã
                                                   –ø—Ä–∏–º–µ—Ä—ã —Ä–∞–±–æ—Ç...

You may provide a definition with
\DeclareUnicodeCharacter 


! LaTeX Error: Unicode character –ø (U+043F)
               not set up for use with LaTeX.

See the LaTeX manual or LaTeX Companion for explanation.
Type  H <return>  for immediate help.
 ...                                              
                                                  
l.3 ...–∑–¥–µ–ª–µ –±—É–¥—É—Ç –ø—Ä–∏–≤–µ–¥–µ–Ω—ã –ø
                                                  —Ä–∏–º–µ—Ä—ã —Ä–∞–±–æ—Ç—ã ...

You may provide a definition with
\DeclareUnicodeCharacter 


! LaTeX Error: Unicode character —Ä (U+0440)
               not set up for use with LaTeX.

See the LaTeX manual or LaTeX Companion for explanation.
Type  H <return>  for immediate help.
 ...                                              
                                                  
l.3 ...–¥–µ–ª–µ –±—É–¥—É—Ç –ø—Ä–∏–≤–µ–¥–µ–Ω—ã –ø—Ä
                                                  –∏–º–µ—Ä—ã —Ä–∞–±–æ—Ç—ã —Ä...

You may provide a definition with
\DeclareUnicodeCharacter 


! LaTeX Error: Unicode character –∏ (U+0438)
               not set up for use with LaTeX.

See the LaTeX manual or LaTeX Companion for explanation.
Type  H <return>  for immediate help.
 ...                                              
                                                  
l.3 ...–µ–ª–µ –±—É–¥—É—Ç –ø—Ä–∏–≤–µ–¥–µ–Ω—ã –ø—Ä–∏
                                                  –º–µ—Ä—ã —Ä–∞–±–æ—Ç—ã —Ä–∞...

You may provide a definition with
\DeclareUnicodeCharacter 


! LaTeX Error: Unicode character –º (U+043C)
               not set up for use with LaTeX.

See the LaTeX manual or LaTeX Companion for explanation.
Type  H <return>  for immediate help.
 ...                                              
                                                  
l.3 ...–ª–µ –±—É–¥—É—Ç –ø—Ä–∏–≤–µ–¥–µ–Ω—ã –ø—Ä–∏–º
                                                  –µ—Ä—ã —Ä–∞–±–æ—Ç—ã —Ä–∞–∑...

You may provide a definition with
\DeclareUnicodeCharacter 


! LaTeX Error: Unicode character –µ (U+0435)
               not set up for use with LaTeX.

See the LaTeX manual or LaTeX Companion for explanation.
Type  H <return>  for immediate help.
 ...                                              
                                                  
l.3 ...–µ –±—É–¥—É—Ç –ø—Ä–∏–≤–µ–¥–µ–Ω—ã –ø—Ä–∏–º–µ
                                                  —Ä—ã —Ä–∞–±–æ—Ç—ã —Ä–∞–∑—Ä...

You may provide a definition with
\DeclareUnicodeCharacter 


! LaTeX Error: Unicode character —Ä (U+0440)
               not set up for use with LaTeX.

See the LaTeX manual or LaTeX Companion for explanation.
Type  H <return>  for immediate help.
 ...                                              
                                                  
l.3 ... –±—É–¥—É—Ç –ø—Ä–∏–≤–µ–¥–µ–Ω—ã –ø—Ä–∏–º–µ—Ä
                                                  —ã —Ä–∞–±–æ—Ç—ã —Ä–∞–∑—Ä–∞...

You may provide a definition with
\DeclareUnicodeCharacter 


! LaTeX Error: Unicode character —ã (U+044B)
               not set up for use with LaTeX.

See the LaTeX manual or LaTeX Companion for explanation.
Type  H <return>  for immediate help.
 ...                                              
                                                  
l.3 ...±—É–¥—É—Ç –ø—Ä–∏–≤–µ–¥–µ–Ω—ã –ø—Ä–∏–º–µ—Ä—ã
                                                   —Ä–∞–±–æ—Ç—ã —Ä–∞–∑—Ä–∞–±...

You may provide a definition with
\DeclareUnicodeCharacter 


! LaTeX Error: Unicode character —Ä (U+0440)
               not set up for use with LaTeX.

See the LaTeX manual or LaTeX Companion for explanation.
Type  H <return>  for immediate help.
 ...                                              
                                                  
l.3 ...–¥—É—Ç –ø—Ä–∏–≤–µ–¥–µ–Ω—ã –ø—Ä–∏–º–µ—Ä—ã —Ä
                                                  –∞–±–æ—Ç—ã —Ä–∞–∑—Ä–∞–±–æ—...

You may provide a definition with
\DeclareUnicodeCharacter 


! LaTeX Error: Unicode character –∞ (U+0430)
               not set up for use with LaTeX.

See the LaTeX manual or LaTeX Companion for explanation.
Type  H <return>  for immediate help.
 ...                                              
                                                  
l.3 ...—É—Ç –ø—Ä–∏–≤–µ–¥–µ–Ω—ã –ø—Ä–∏–º–µ—Ä—ã —Ä–∞
                                                  –±–æ—Ç—ã —Ä–∞–∑—Ä–∞–±–æ—Ç–...

You may provide a definition with
\DeclareUnicodeCharacter 


! LaTeX Error: Unicode character –± (U+0431)
               not set up for use with LaTeX.

See the LaTeX manual or LaTeX Companion for explanation.
Type  H <return>  for immediate help.
 ...                                              
                                                  
l.3 ...—Ç –ø—Ä–∏–≤–µ–¥–µ–Ω—ã –ø—Ä–∏–º–µ—Ä—ã —Ä–∞–±
                                                  –æ—Ç—ã —Ä–∞–∑—Ä–∞–±–æ—Ç–∞–...

You may provide a definition with
\DeclareUnicodeCharacter 


! LaTeX Error: Unicode character –æ (U+043E)
               not set up for use with LaTeX.

See the LaTeX manual or LaTeX Companion for explanation.
Type  H <return>  for immediate help.
 ...                                              
                                                  
l.3 ... –ø—Ä–∏–≤–µ–¥–µ–Ω—ã –ø—Ä–∏–º–µ—Ä—ã —Ä–∞–±–æ
                                                  —Ç—ã —Ä–∞–∑—Ä–∞–±–æ—Ç–∞–Ω–...

You may provide a definition with
\DeclareUnicodeCharacter 


! LaTeX Error: Unicode character —Ç (U+0442)
               not set up for use with LaTeX.

See the LaTeX manual or LaTeX Companion for explanation.
Type  H <return>  for immediate help.
 ...                                              
                                                  
l.3 ...ø—Ä–∏–≤–µ–¥–µ–Ω—ã –ø—Ä–∏–º–µ—Ä—ã —Ä–∞–±–æ—Ç
                                                  —ã —Ä–∞–∑—Ä–∞–±–æ—Ç–∞–Ω–Ω–...

You may provide a definition with
\DeclareUnicodeCharacter 


! LaTeX Error: Unicode character —ã (U+044B)
               not set up for use with LaTeX.

See the LaTeX manual or LaTeX Companion for explanation.
Type  H <return>  for immediate help.
 ...                                              
                                                  
l.3 ...Ä–∏–≤–µ–¥–µ–Ω—ã –ø—Ä–∏–º–µ—Ä—ã —Ä–∞–±–æ—Ç—ã
                                                   —Ä–∞–∑—Ä–∞–±–æ—Ç–∞–Ω–Ω–æ–...

You may provide a definition with
\DeclareUnicodeCharacter 


! LaTeX Error: Unicode character —Ä (U+0440)
               not set up for use with LaTeX.

See the LaTeX manual or LaTeX Companion for explanation.
Type  H <return>  for immediate help.
 ...                                              
                                                  
l.3 ...–≤–µ–¥–µ–Ω—ã –ø—Ä–∏–º–µ—Ä—ã —Ä–∞–±–æ—Ç—ã —Ä
                                                  –∞–∑—Ä–∞–±–æ—Ç–∞–Ω–Ω–æ–≥–æ...

You may provide a definition with
\DeclareUnicodeCharacter 


! LaTeX Error: Unicode character –∞ (U+0430)
               not set up for use with LaTeX.

See the LaTeX manual or LaTeX Companion for explanation.
Type  H <return>  for immediate help.
 ...                                              
                                                  
l.3 ...–µ–¥–µ–Ω—ã –ø—Ä–∏–º–µ—Ä—ã —Ä–∞–±–æ—Ç—ã —Ä–∞
                                                  –∑—Ä–∞–±–æ—Ç–∞–Ω–Ω–æ–≥–æ –...

You may provide a definition with
\DeclareUnicodeCharacter 


! LaTeX Error: Unicode character –∑ (U+0437)
               not set up for use with LaTeX.

See the LaTeX manual or LaTeX Companion for explanation.
Type  H <return>  for immediate help.
 ...                                              
                                                  
l.3 ...–¥–µ–Ω—ã –ø—Ä–∏–º–µ—Ä—ã —Ä–∞–±–æ—Ç—ã —Ä–∞–∑
                                                  —Ä–∞–±–æ—Ç–∞–Ω–Ω–æ–≥–æ –ø—...

You may provide a definition with
\DeclareUnicodeCharacter 


! LaTeX Error: Unicode character —Ä (U+0440)
               not set up for use with LaTeX.

See the LaTeX manual or LaTeX Companion for explanation.
Type  H <return>  for immediate help.
 ...                                              
                                                  
l.3 ...–µ–Ω—ã –ø—Ä–∏–º–µ—Ä—ã —Ä–∞–±–æ—Ç—ã —Ä–∞–∑—Ä
                                                  –∞–±–æ—Ç–∞–Ω–Ω–æ–≥–æ –ø—Ä–...

You may provide a definition with
\DeclareUnicodeCharacter 


! LaTeX Error: Unicode character –∞ (U+0430)
               not set up for use with LaTeX.

See the LaTeX manual or LaTeX Companion for explanation.
Type  H <return>  for immediate help.
 ...                                              
                                                  
l.3 ...–Ω—ã –ø—Ä–∏–º–µ—Ä—ã —Ä–∞–±–æ—Ç—ã —Ä–∞–∑—Ä–∞
                                                  –±–æ—Ç–∞–Ω–Ω–æ–≥–æ –ø—Ä–æ–...

You may provide a definition with
\DeclareUnicodeCharacter 


! LaTeX Error: Unicode character –± (U+0431)
               not set up for use with LaTeX.

See the LaTeX manual or LaTeX Companion for explanation.
Type  H <return>  for immediate help.
 ...                                              
                                                  
l.3 ...—ã –ø—Ä–∏–º–µ—Ä—ã —Ä–∞–±–æ—Ç—ã —Ä–∞–∑—Ä–∞–±
                                                  –æ—Ç–∞–Ω–Ω–æ–≥–æ –ø—Ä–æ–≥—...

You may provide a definition with
\DeclareUnicodeCharacter 


! LaTeX Error: Unicode character –æ (U+043E)
               not set up for use with LaTeX.

See the LaTeX manual or LaTeX Companion for explanation.
Type  H <return>  for immediate help.
 ...                                              
                                                  
l.3 ... –ø—Ä–∏–º–µ—Ä—ã —Ä–∞–±–æ—Ç—ã —Ä–∞–∑—Ä–∞–±–æ
                                                  —Ç–∞–Ω–Ω–æ–≥–æ –ø—Ä–æ–≥—Ä–...

You may provide a definition with
\DeclareUnicodeCharacter 


! LaTeX Error: Unicode character —Ç (U+0442)
               not set up for use with LaTeX.

See the LaTeX manual or LaTeX Companion for explanation.
Type  H <return>  for immediate help.
 ...                                              
                                                  
l.3 ...ø—Ä–∏–º–µ—Ä—ã —Ä–∞–±–æ—Ç—ã —Ä–∞–∑—Ä–∞–±–æ—Ç
                                                  –∞–Ω–Ω–æ–≥–æ –ø—Ä–æ–≥—Ä–∞–...

You may provide a definition with
\DeclareUnicodeCharacter 


! LaTeX Error: Unicode character –∞ (U+0430)
               not set up for use with LaTeX.

See the LaTeX manual or LaTeX Companion for explanation.
Type  H <return>  for immediate help.
 ...                                              
                                                  
l.3 ...Ä–∏–º–µ—Ä—ã —Ä–∞–±–æ—Ç—ã —Ä–∞–∑—Ä–∞–±–æ—Ç–∞
                                                  –Ω–Ω–æ–≥–æ –ø—Ä–æ–≥—Ä–∞–º–...

You may provide a definition with
\DeclareUnicodeCharacter 


! LaTeX Error: Unicode character –Ω (U+043D)
               not set up for use with LaTeX.

See the LaTeX manual or LaTeX Companion for explanation.
Type  H <return>  for immediate help.
 ...                                              
                                                  
l.3 ...∏–º–µ—Ä—ã —Ä–∞–±–æ—Ç—ã —Ä–∞–∑—Ä–∞–±–æ—Ç–∞–Ω
                                                  –Ω–æ–≥–æ –ø—Ä–æ–≥—Ä–∞–º–º–...

You may provide a definition with
\DeclareUnicodeCharacter 


! LaTeX Error: Unicode character –Ω (U+043D)
               not set up for use with LaTeX.

See the LaTeX manual or LaTeX Companion for explanation.
Type  H <return>  for immediate help.
 ...                                              
                                                  
l.3 ...º–µ—Ä—ã —Ä–∞–±–æ—Ç—ã —Ä–∞–∑—Ä–∞–±–æ—Ç–∞–Ω–Ω
                                                  –æ–≥–æ –ø—Ä–æ–≥—Ä–∞–º–º–Ω–...

You may provide a definition with
\DeclareUnicodeCharacter 


! LaTeX Error: Unicode character –æ (U+043E)
               not set up for use with LaTeX.

See the LaTeX manual or LaTeX Companion for explanation.
Type  H <return>  for immediate help.
 ...                                              
                                                  
l.3 ...µ—Ä—ã —Ä–∞–±–æ—Ç—ã —Ä–∞–∑—Ä–∞–±–æ—Ç–∞–Ω–Ω–æ
                                                  –≥–æ –ø—Ä–æ–≥—Ä–∞–º–º–Ω–æ–...

You may provide a definition with
\DeclareUnicodeCharacter 


! LaTeX Error: Unicode character –≥ (U+0433)
               not set up for use with LaTeX.

See the LaTeX manual or LaTeX Companion for explanation.
Type  H <return>  for immediate help.
 ...                                              
                                                  
l.3 ...Ä—ã —Ä–∞–±–æ—Ç—ã —Ä–∞–∑—Ä–∞–±–æ—Ç–∞–Ω–Ω–æ–≥
                                                  –æ –ø—Ä–æ–≥—Ä–∞–º–º–Ω–æ–≥–...

You may provide a definition with
\DeclareUnicodeCharacter 


! LaTeX Error: Unicode character –æ (U+043E)
               not set up for use with LaTeX.

See the LaTeX manual or LaTeX Companion for explanation.
Type  H <return>  for immediate help.
 ...                                              
                                                  
l.3 ...ã —Ä–∞–±–æ—Ç—ã —Ä–∞–∑—Ä–∞–±–æ—Ç–∞–Ω–Ω–æ–≥–æ
                                                   –ø—Ä–æ–≥—Ä–∞–º–º–Ω–æ–≥–æ ...

You may provide a definition with
\DeclareUnicodeCharacter 


! LaTeX Error: Unicode character –ø (U+043F)
               not set up for use with LaTeX.

See the LaTeX manual or LaTeX Companion for explanation.
Type  H <return>  for immediate help.
 ...                                              
                                                  
l.3 ...Ä–∞–±–æ—Ç—ã —Ä–∞–∑—Ä–∞–±–æ—Ç–∞–Ω–Ω–æ–≥–æ –ø
                                                  —Ä–æ–≥—Ä–∞–º–º–Ω–æ–≥–æ –æ–...

You may provide a definition with
\DeclareUnicodeCharacter 


! LaTeX Error: Unicode character —Ä (U+0440)
               not set up for use with LaTeX.

See the LaTeX manual or LaTeX Companion for explanation.
Type  H <return>  for immediate help.
 ...                                              
                                                  
l.3 ...∞–±–æ—Ç—ã —Ä–∞–∑—Ä–∞–±–æ—Ç–∞–Ω–Ω–æ–≥–æ –ø—Ä
                                                  –æ–≥—Ä–∞–º–º–Ω–æ–≥–æ –æ–±–...

You may provide a definition with
\DeclareUnicodeCharacter 


! LaTeX Error: Unicode character –æ (U+043E)
               not set up for use with LaTeX.

See the LaTeX manual or LaTeX Companion for explanation.
Type  H <return>  for immediate help.
 ...                                              
                                                  
l.3 ...±–æ—Ç—ã —Ä–∞–∑—Ä–∞–±–æ—Ç–∞–Ω–Ω–æ–≥–æ –ø—Ä–æ
                                                  –≥—Ä–∞–º–º–Ω–æ–≥–æ –æ–±–µ—...

You may provide a definition with
\DeclareUnicodeCharacter 


! LaTeX Error: Unicode character –≥ (U+0433)
               not set up for use with LaTeX.

See the LaTeX manual or LaTeX Companion for explanation.
Type  H <return>  for immediate help.
 ...                                              
                                                  
l.3 ...æ—Ç—ã —Ä–∞–∑—Ä–∞–±–æ—Ç–∞–Ω–Ω–æ–≥–æ –ø—Ä–æ–≥
                                                  —Ä–∞–º–º–Ω–æ–≥–æ –æ–±–µ—Å–...

You may provide a definition with
\DeclareUnicodeCharacter 


! LaTeX Error: Unicode character —Ä (U+0440)
               not set up for use with LaTeX.

See the LaTeX manual or LaTeX Companion for explanation.
Type  H <return>  for immediate help.
 ...                                              
                                                  
l.3 ...Ç—ã —Ä–∞–∑—Ä–∞–±–æ—Ç–∞–Ω–Ω–æ–≥–æ –ø—Ä–æ–≥—Ä
                                                  –∞–º–º–Ω–æ–≥–æ –æ–±–µ—Å–ø–...

You may provide a definition with
\DeclareUnicodeCharacter 


! LaTeX Error: Unicode character –∞ (U+0430)
               not set up for use with LaTeX.

See the LaTeX manual or LaTeX Companion for explanation.
Type  H <return>  for immediate help.
 ...                                              
                                                  
l.3 ...ã —Ä–∞–∑—Ä–∞–±–æ—Ç–∞–Ω–Ω–æ–≥–æ –ø—Ä–æ–≥—Ä–∞
                                                  –º–º–Ω–æ–≥–æ –æ–±–µ—Å–ø–µ—...

You may provide a definition with
\DeclareUnicodeCharacter 


! LaTeX Error: Unicode character –º (U+043C)
               not set up for use with LaTeX.

See the LaTeX manual or LaTeX Companion for explanation.
Type  H <return>  for immediate help.
 ...                                              
                                                  
l.3 ...—Ä–∞–∑—Ä–∞–±–æ—Ç–∞–Ω–Ω–æ–≥–æ –ø—Ä–æ–≥—Ä–∞–º
                                                  –º–Ω–æ–≥–æ –æ–±–µ—Å–ø–µ—á–...

You may provide a definition with
\DeclareUnicodeCharacter 


! LaTeX Error: Unicode character –º (U+043C)
               not set up for use with LaTeX.

See the LaTeX manual or LaTeX Companion for explanation.
Type  H <return>  for immediate help.
 ...                                              
                                                  
l.3 ...–∞–∑—Ä–∞–±–æ—Ç–∞–Ω–Ω–æ–≥–æ –ø—Ä–æ–≥—Ä–∞–º–º
                                                  –Ω–æ–≥–æ –æ–±–µ—Å–ø–µ—á–µ–...

You may provide a definition with
\DeclareUnicodeCharacter 


! LaTeX Error: Unicode character –Ω (U+043D)
               not set up for use with LaTeX.

See the LaTeX manual or LaTeX Companion for explanation.
Type  H <return>  for immediate help.
 ...                                              
                                                  
l.3 ...–∑—Ä–∞–±–æ—Ç–∞–Ω–Ω–æ–≥–æ –ø—Ä–æ–≥—Ä–∞–º–º–Ω
                                                  –æ–≥–æ –æ–±–µ—Å–ø–µ—á–µ–Ω–...

You may provide a definition with
\DeclareUnicodeCharacter 


! LaTeX Error: Unicode character –æ (U+043E)
               not set up for use with LaTeX.

See the LaTeX manual or LaTeX Companion for explanation.
Type  H <return>  for immediate help.
 ...                                              
                                                  
l.3 ...—Ä–∞–±–æ—Ç–∞–Ω–Ω–æ–≥–æ –ø—Ä–æ–≥—Ä–∞–º–º–Ω–æ
                                                  –≥–æ –æ–±–µ—Å–ø–µ—á–µ–Ω–∏—...

You may provide a definition with
\DeclareUnicodeCharacter 


! LaTeX Error: Unicode character –≥ (U+0433)
               not set up for use with LaTeX.

See the LaTeX manual or LaTeX Companion for explanation.
Type  H <return>  for immediate help.
 ...                                              
                                                  
l.3 ...–∞–±–æ—Ç–∞–Ω–Ω–æ–≥–æ –ø—Ä–æ–≥—Ä–∞–º–º–Ω–æ–≥
                                                  –æ –æ–±–µ—Å–ø–µ—á–µ–Ω–∏—è,...

You may provide a definition with
\DeclareUnicodeCharacter 


! LaTeX Error: Unicode character –æ (U+043E)
               not set up for use with LaTeX.

See the LaTeX manual or LaTeX Companion for explanation.
Type  H <return>  for immediate help.
 ...                                              
                                                  
l.3 ...–±–æ—Ç–∞–Ω–Ω–æ–≥–æ –ø—Ä–æ–≥—Ä–∞–º–º–Ω–æ–≥–æ
                                                   –æ–±–µ—Å–ø–µ—á–µ–Ω–∏—è, –...

You may provide a definition with
\DeclareUnicodeCharacter 


! LaTeX Error: Unicode character –æ (U+043E)
               not set up for use with LaTeX.

See the LaTeX manual or LaTeX Companion for explanation.
Type  H <return>  for immediate help.
 ...                                              
                                                  
l.3 ...æ—Ç–∞–Ω–Ω–æ–≥–æ –ø—Ä–æ–≥—Ä–∞–º–º–Ω–æ–≥–æ –æ
                                                  –±–µ—Å–ø–µ—á–µ–Ω–∏—è, –∞ —...

You may provide a definition with
\DeclareUnicodeCharacter 


! LaTeX Error: Unicode character –± (U+0431)
               not set up for use with LaTeX.

See the LaTeX manual or LaTeX Companion for explanation.
Type  H <return>  for immediate help.
 ...                                              
                                                  
l.3 ...Ç–∞–Ω–Ω–æ–≥–æ –ø—Ä–æ–≥—Ä–∞–º–º–Ω–æ–≥–æ –æ–±
                                                  –µ—Å–ø–µ—á–µ–Ω–∏—è, –∞ —Ç–...

You may provide a definition with
\DeclareUnicodeCharacter 


! LaTeX Error: Unicode character –µ (U+0435)
               not set up for use with LaTeX.

See the LaTeX manual or LaTeX Companion for explanation.
Type  H <return>  for immediate help.
 ...                                              
                                                  
l.3 ...∞–Ω–Ω–æ–≥–æ –ø—Ä–æ–≥—Ä–∞–º–º–Ω–æ–≥–æ –æ–±–µ
                                                  —Å–ø–µ—á–µ–Ω–∏—è, –∞ —Ç–∞–...

You may provide a definition with
\DeclareUnicodeCharacter 


! LaTeX Error: Unicode character —Å (U+0441)
               not set up for use with LaTeX.

See the LaTeX manual or LaTeX Companion for explanation.
Type  H <return>  for immediate help.
 ...                                              
                                                  
l.3 ...Ω–Ω–æ–≥–æ –ø—Ä–æ–≥—Ä–∞–º–º–Ω–æ–≥–æ –æ–±–µ—Å
                                                  –ø–µ—á–µ–Ω–∏—è, –∞ —Ç–∞–∫–...

You may provide a definition with
\DeclareUnicodeCharacter 


! LaTeX Error: Unicode character –ø (U+043F)
               not set up for use with LaTeX.

See the LaTeX manual or LaTeX Companion for explanation.
Type  H <return>  for immediate help.
 ...                                              
                                                  
l.3 ...Ω–æ–≥–æ –ø—Ä–æ–≥—Ä–∞–º–º–Ω–æ–≥–æ –æ–±–µ—Å–ø
                                                  –µ—á–µ–Ω–∏—è, –∞ —Ç–∞–∫–∂–...

You may provide a definition with
\DeclareUnicodeCharacter 


! LaTeX Error: Unicode character –µ (U+0435)
               not set up for use with LaTeX.

See the LaTeX manual or LaTeX Companion for explanation.
Type  H <return>  for immediate help.
 ...                                              
                                                  
l.3 ...æ–≥–æ –ø—Ä–æ–≥—Ä–∞–º–º–Ω–æ–≥–æ –æ–±–µ—Å–ø–µ
                                                  —á–µ–Ω–∏—è, –∞ —Ç–∞–∫–∂–µ ...

You may provide a definition with
\DeclareUnicodeCharacter 


! LaTeX Error: Unicode character —á (U+0447)
               not set up for use with LaTeX.

See the LaTeX manual or LaTeX Companion for explanation.
Type  H <return>  for immediate help.
 ...                                              
                                                  
l.3 ...≥–æ –ø—Ä–æ–≥—Ä–∞–º–º–Ω–æ–≥–æ –æ–±–µ—Å–ø–µ—á
                                                  –µ–Ω–∏—è, –∞ —Ç–∞–∫–∂–µ –±...

You may provide a definition with
\DeclareUnicodeCharacter 


! LaTeX Error: Unicode character –µ (U+0435)
               not set up for use with LaTeX.

See the LaTeX manual or LaTeX Companion for explanation.
Type  H <return>  for immediate help.
 ...                                              
                                                  
l.3 ...æ –ø—Ä–æ–≥—Ä–∞–º–º–Ω–æ–≥–æ –æ–±–µ—Å–ø–µ—á–µ
                                                  –Ω–∏—è, –∞ —Ç–∞–∫–∂–µ –±—É...

You may provide a definition with
\DeclareUnicodeCharacter 


! LaTeX Error: Unicode character –Ω (U+043D)
               not set up for use with LaTeX.

See the LaTeX manual or LaTeX Companion for explanation.
Type  H <return>  for immediate help.
 ...                                              
                                                  
l.3 ...–ø—Ä–æ–≥—Ä–∞–º–º–Ω–æ–≥–æ –æ–±–µ—Å–ø–µ—á–µ–Ω
                                                  –∏—è, –∞ —Ç–∞–∫–∂–µ –±—É–¥...

You may provide a definition with
\DeclareUnicodeCharacter 


! LaTeX Error: Unicode character –∏ (U+0438)
               not set up for use with LaTeX.

See the LaTeX manual or LaTeX Companion for explanation.
Type  H <return>  for immediate help.
 ...                                              
                                                  
l.3 ...—Ä–æ–≥—Ä–∞–º–º–Ω–æ–≥–æ –æ–±–µ—Å–ø–µ—á–µ–Ω–∏
                                                  —è, –∞ —Ç–∞–∫–∂–µ –±—É–¥–µ...
(That makes 100 errors; please try again.) 
Here is how much of TeX's memory you used:
 41 strings out of 477484
 709 string characters out of 5831474
 1849330 words of memory out of 5000000
 20290 multiletter control sequences out of 15000+600000
 512287 words of font info for 32 fonts, out of 8000000 for 9000
 452 hyphenation exceptions out of 8191
 13i,0n,12p,521b,29s stack positions out of 10000i,1000n,20000p,200000b,200000s

!  ==> Fatal error occurred, no output PDF file produced!
