This is pdfTeX, Version 3.141592653-2.6-1.40.25 (TeX Live 2023) (preloaded format=pdflatex 2023.9.9)  12 SEP 2023 23:42
entering extended mode
 restricted \write18 enabled.
 %&-line parsing enabled.
**51-biblio.tex
(./51-biblio.tex
LaTeX2e <2023-06-01> patch level 1
L3 programming layer <2023-08-29>
\bibdata{51-biblio}
No file 51-biblio.bbl.
)
! Emergency stop.
<*> 51-biblio.tex
                 
*** (job aborted, no legal \end found)

 
Here is how much of TeX's memory you used:
 18 strings out of 474933
 429 string characters out of 5763794
 1917801 words of memory out of 5000000
 21665 multiletter control sequences out of 15000+600000
 558069 words of font info for 36 fonts, out of 8000000 for 9000
 1141 hyphenation exceptions out of 8191
 16i,0n,26p,156b,18s stack positions out of 10000i,1000n,20000p,200000b,200000s
!  ==> Fatal error occurred, no output PDF file produced!
